<?xml version="1.0" encoding="UTF-8"?>
<robot generator="Robot 7.3.2 (Python 3.12.11 on darwin)" generated="2025-07-23T10:20:57.257794" rpa="false" schemaversion="5">
<suite id="s1" name="Tests" source="/Users/yan/Documents/Robot Framework - API/tests">
<suite id="s1-s1" name="Login" source="/Users/yan/Documents/Robot Framework - API/tests/login.robot">
<test id="s1-s1-t1" name="Test Success Login" line="7">
<kw name="Load Environment Variables Dynamically" owner="base" type="SETUP">
<kw name="Load YAML File Safely" owner="base">
<try>
<branch type="TRY">
<kw name="Evaluate" owner="BuiltIn">
<msg time="2025-07-23T10:20:57.593402" level="INFO">${data} = {'DEV': {'BASE_URL': 'https://serverest.dev', 'LOGIN': {'ENDPOINT': {'ENDPOINT_LOGIN': '/login'}}, 'USER': {'ENDPOINT': {'ENDPOINT_USERS': '/usuarios'}, 'PARAMETER': {'PARAMETER_FILTER': '?_id={PARAM_...</msg>
<var>${data}</var>
<arg>yaml.safe_load(open('${file_path}', 'r', encoding='utf-8'))</arg>
<arg>modules=yaml</arg>
<doc>Evaluates the given expression in Python and returns the result.</doc>
<status status="PASS" start="2025-07-23T10:20:57.590358" elapsed="0.003146"/>
</kw>
<return>
<value>${data}</value>
<status status="PASS" start="2025-07-23T10:20:57.593683" elapsed="0.000110"/>
</return>
<status status="PASS" start="2025-07-23T10:20:57.589338" elapsed="0.004545"/>
</branch>
<branch type="EXCEPT">
<pattern>FileNotFoundError</pattern>
<kw name="Fail" owner="BuiltIn">
<arg>msg=Arquivo YAML não encontrado: ${file_path}</arg>
<doc>Fails the test with the given message and optionally alters its tags.</doc>
<status status="NOT RUN" start="2025-07-23T10:20:57.594352" elapsed="0.000050"/>
</kw>
<status status="NOT RUN" start="2025-07-23T10:20:57.593993" elapsed="0.000483"/>
</branch>
<branch type="EXCEPT">
<pattern>yaml.YAMLError as error</pattern>
<kw name="Fail" owner="BuiltIn">
<arg>msg=Erro ao analisar YAML: ${error}</arg>
<doc>Fails the test with the given message and optionally alters its tags.</doc>
<status status="NOT RUN" start="2025-07-23T10:20:57.594901" elapsed="0.000059"/>
</kw>
<status status="NOT RUN" start="2025-07-23T10:20:57.594555" elapsed="0.000483"/>
</branch>
<status status="PASS" start="2025-07-23T10:20:57.589271" elapsed="0.005845"/>
</try>
<msg time="2025-07-23T10:20:57.595487" level="INFO">${yaml_data} = {'DEV': {'BASE_URL': 'https://serverest.dev', 'LOGIN': {'ENDPOINT': {'ENDPOINT_LOGIN': '/login'}}, 'USER': {'ENDPOINT': {'ENDPOINT_USERS': '/usuarios'}, 'PARAMETER': {'PARAMETER_FILTER': '?_id={PARAM_...</msg>
<var>${yaml_data}</var>
<arg>${YAML_FILE}</arg>
<doc>Carrega o arquivo YAML com tratamento de erros</doc>
<status status="PASS" start="2025-07-23T10:20:57.588600" elapsed="0.006950"/>
</kw>
<kw name="Get Environment Data" owner="base">
<kw name="Run Keyword If" owner="BuiltIn">
<arg>not $yaml_data or $yaml_data is None</arg>
<arg>Fail</arg>
<arg>msg=Os dados do YAML estão vazios ou inválidos</arg>
<doc>Runs the given keyword with the given arguments, if ``condition`` is true.</doc>
<status status="PASS" start="2025-07-23T10:20:57.596841" elapsed="0.000464"/>
</kw>
<kw name="Run Keyword If" owner="BuiltIn">
<arg>'${environment}' not in $yaml_data</arg>
<arg>Fail</arg>
<arg>msg=Ambiente '${environment}' não encontrado no YAML. Ambientes disponíveis: ${yaml_data.keys()}</arg>
<doc>Runs the given keyword with the given arguments, if ``condition`` is true.</doc>
<status status="PASS" start="2025-07-23T10:20:57.597687" elapsed="0.000425"/>
</kw>
<return>
<value>${yaml_data["${environment}"]}</value>
<status status="PASS" start="2025-07-23T10:20:57.598252" elapsed="0.000124"/>
</return>
<msg time="2025-07-23T10:20:57.599538" level="INFO">${env_data} = {'BASE_URL': 'https://serverest.dev', 'LOGIN': {'ENDPOINT': {'ENDPOINT_LOGIN': '/login'}}, 'USER': {'ENDPOINT': {'ENDPOINT_USERS': '/usuarios'}, 'PARAMETER': {'PARAMETER_FILTER': '?_id={PARAM_ID}&amp;nome...</msg>
<var>${env_data}</var>
<arg>${yaml_data}</arg>
<arg>${API_ENVIRONMENT}</arg>
<doc>Obtém os dados do ambiente especificado com validação</doc>
<status status="PASS" start="2025-07-23T10:20:57.596027" elapsed="0.003576"/>
</kw>
<kw name="Create Variables From Dict" owner="base">
<kw name="Get Dictionary Keys" owner="Collections">
<msg time="2025-07-23T10:20:57.602119" level="INFO">${keys} = ['BASE_URL', 'LOGIN', 'USER']</msg>
<var>${keys}</var>
<arg>${data}</arg>
<doc>Returns keys of the given ``dictionary`` as a list.</doc>
<status status="PASS" start="2025-07-23T10:20:57.601740" elapsed="0.000442"/>
</kw>
<for flavor="IN">
<iter>
<kw name="Get From Dictionary" owner="Collections">
<msg time="2025-07-23T10:20:57.603514" level="INFO">${value} = https://serverest.dev</msg>
<var>${value}</var>
<arg>${data}</arg>
<arg>${key}</arg>
<doc>Returns a value from the given ``dictionary`` based on the given ``key``.</doc>
<status status="PASS" start="2025-07-23T10:20:57.603088" elapsed="0.000509"/>
</kw>
<kw name="Set Variable" owner="BuiltIn">
<msg time="2025-07-23T10:20:57.604446" level="INFO">${full_key} = BASE_URL</msg>
<var>${full_key}</var>
<arg>${prefix}${key}</arg>
<doc>Returns the given values which can then be assigned to a variables.</doc>
<status status="PASS" start="2025-07-23T10:20:57.603946" elapsed="0.000562"/>
</kw>
<kw name="Evaluate" owner="BuiltIn">
<msg time="2025-07-23T10:20:57.605280" level="INFO">${is_dict} = False</msg>
<var>${is_dict}</var>
<arg>isinstance($value, dict)</arg>
<doc>Evaluates the given expression in Python and returns the result.</doc>
<status status="PASS" start="2025-07-23T10:20:57.604819" elapsed="0.000520"/>
</kw>
<if>
<branch type="IF" condition="${is_dict}">
<kw name="Create Variables From Dict" owner="base">
<arg>${value}</arg>
<arg>${full_key}.</arg>
<status status="NOT RUN" start="2025-07-23T10:20:57.606155" elapsed="0.000050"/>
</kw>
<status status="NOT RUN" start="2025-07-23T10:20:57.605521" elapsed="0.000742"/>
</branch>
<branch type="ELSE">
<kw name="Set Suite Variable" owner="BuiltIn">
<msg time="2025-07-23T10:20:57.607035" level="INFO">${BASE_URL} = https://serverest.dev</msg>
<arg>\${${full_key}}</arg>
<arg>${value}</arg>
<doc>Makes a variable available everywhere within the scope of the current suite.</doc>
<status status="PASS" start="2025-07-23T10:20:57.606604" elapsed="0.000529"/>
</kw>
<kw name="Log" owner="BuiltIn">
<arg>Variável definida: \${${full_key}} = ${value}</arg>
<arg>level=DEBUG</arg>
<doc>Logs the given message with the given level.</doc>
<status status="PASS" start="2025-07-23T10:20:57.607477" elapsed="0.000560"/>
</kw>
<status status="PASS" start="2025-07-23T10:20:57.606313" elapsed="0.001790"/>
</branch>
<status status="PASS" start="2025-07-23T10:20:57.605473" elapsed="0.002671"/>
</if>
<var name="${key}">BASE_URL</var>
<status status="PASS" start="2025-07-23T10:20:57.602792" elapsed="0.005396"/>
</iter>
<iter>
<kw name="Get From Dictionary" owner="Collections">
<msg time="2025-07-23T10:20:57.609061" level="INFO">${value} = {'ENDPOINT': {'ENDPOINT_LOGIN': '/login'}}</msg>
<var>${value}</var>
<arg>${data}</arg>
<arg>${key}</arg>
<doc>Returns a value from the given ``dictionary`` based on the given ``key``.</doc>
<status status="PASS" start="2025-07-23T10:20:57.608675" elapsed="0.000429"/>
</kw>
<kw name="Set Variable" owner="BuiltIn">
<msg time="2025-07-23T10:20:57.609557" level="INFO">${full_key} = LOGIN</msg>
<var>${full_key}</var>
<arg>${prefix}${key}</arg>
<doc>Returns the given values which can then be assigned to a variables.</doc>
<status status="PASS" start="2025-07-23T10:20:57.609310" elapsed="0.000284"/>
</kw>
<kw name="Evaluate" owner="BuiltIn">
<msg time="2025-07-23T10:20:57.610095" level="INFO">${is_dict} = True</msg>
<var>${is_dict}</var>
<arg>isinstance($value, dict)</arg>
<doc>Evaluates the given expression in Python and returns the result.</doc>
<status status="PASS" start="2025-07-23T10:20:57.609769" elapsed="0.000363"/>
</kw>
<if>
<branch type="IF" condition="${is_dict}">
<kw name="Create Variables From Dict" owner="base">
<kw name="Get Dictionary Keys" owner="Collections">
<msg time="2025-07-23T10:20:57.611541" level="INFO">${keys} = ['ENDPOINT']</msg>
<var>${keys}</var>
<arg>${data}</arg>
<doc>Returns keys of the given ``dictionary`` as a list.</doc>
<status status="PASS" start="2025-07-23T10:20:57.611309" elapsed="0.000271"/>
</kw>
<for flavor="IN">
<iter>
<kw name="Get From Dictionary" owner="Collections">
<msg time="2025-07-23T10:20:57.612439" level="INFO">${value} = {'ENDPOINT_LOGIN': '/login'}</msg>
<var>${value}</var>
<arg>${data}</arg>
<arg>${key}</arg>
<doc>Returns a value from the given ``dictionary`` based on the given ``key``.</doc>
<status status="PASS" start="2025-07-23T10:20:57.612193" elapsed="0.000283"/>
</kw>
<kw name="Set Variable" owner="BuiltIn">
<msg time="2025-07-23T10:20:57.612888" level="INFO">${full_key} = LOGIN.ENDPOINT</msg>
<var>${full_key}</var>
<arg>${prefix}${key}</arg>
<doc>Returns the given values which can then be assigned to a variables.</doc>
<status status="PASS" start="2025-07-23T10:20:57.612658" elapsed="0.000266"/>
</kw>
<kw name="Evaluate" owner="BuiltIn">
<msg time="2025-07-23T10:20:57.613650" level="INFO">${is_dict} = True</msg>
<var>${is_dict}</var>
<arg>isinstance($value, dict)</arg>
<doc>Evaluates the given expression in Python and returns the result.</doc>
<status status="PASS" start="2025-07-23T10:20:57.613173" elapsed="0.000537"/>
</kw>
<if>
<branch type="IF" condition="${is_dict}">
<kw name="Create Variables From Dict" owner="base">
<kw name="Get Dictionary Keys" owner="Collections">
<msg time="2025-07-23T10:20:57.615343" level="INFO">${keys} = ['ENDPOINT_LOGIN']</msg>
<var>${keys}</var>
<arg>${data}</arg>
<doc>Returns keys of the given ``dictionary`` as a list.</doc>
<status status="PASS" start="2025-07-23T10:20:57.615078" elapsed="0.000402"/>
</kw>
<for flavor="IN">
<iter>
<kw name="Get From Dictionary" owner="Collections">
<msg time="2025-07-23T10:20:57.616548" level="INFO">${value} = /login</msg>
<var>${value}</var>
<arg>${data}</arg>
<arg>${key}</arg>
<doc>Returns a value from the given ``dictionary`` based on the given ``key``.</doc>
<status status="PASS" start="2025-07-23T10:20:57.616227" elapsed="0.000378"/>
</kw>
<kw name="Set Variable" owner="BuiltIn">
<msg time="2025-07-23T10:20:57.617103" level="INFO">${full_key} = LOGIN.ENDPOINT.ENDPOINT_LOGIN</msg>
<var>${full_key}</var>
<arg>${prefix}${key}</arg>
<doc>Returns the given values which can then be assigned to a variables.</doc>
<status status="PASS" start="2025-07-23T10:20:57.616843" elapsed="0.000296"/>
</kw>
<kw name="Evaluate" owner="BuiltIn">
<msg time="2025-07-23T10:20:57.617820" level="INFO">${is_dict} = False</msg>
<var>${is_dict}</var>
<arg>isinstance($value, dict)</arg>
<doc>Evaluates the given expression in Python and returns the result.</doc>
<status status="PASS" start="2025-07-23T10:20:57.617386" elapsed="0.000490"/>
</kw>
<if>
<branch type="IF" condition="${is_dict}">
<kw name="Create Variables From Dict" owner="base">
<arg>${value}</arg>
<arg>${full_key}.</arg>
<status status="NOT RUN" start="2025-07-23T10:20:57.618498" elapsed="0.000045"/>
</kw>
<status status="NOT RUN" start="2025-07-23T10:20:57.618014" elapsed="0.000580"/>
</branch>
<branch type="ELSE">
<kw name="Set Suite Variable" owner="BuiltIn">
<msg time="2025-07-23T10:20:57.619341" level="INFO">${LOGIN.ENDPOINT.ENDPOINT_LOGIN} = /login</msg>
<arg>\${${full_key}}</arg>
<arg>${value}</arg>
<doc>Makes a variable available everywhere within the scope of the current suite.</doc>
<status status="PASS" start="2025-07-23T10:20:57.618842" elapsed="0.000614"/>
</kw>
<kw name="Log" owner="BuiltIn">
<arg>Variável definida: \${${full_key}} = ${value}</arg>
<arg>level=DEBUG</arg>
<doc>Logs the given message with the given level.</doc>
<status status="PASS" start="2025-07-23T10:20:57.619657" elapsed="0.000391"/>
</kw>
<status status="PASS" start="2025-07-23T10:20:57.618633" elapsed="0.001470"/>
</branch>
<status status="PASS" start="2025-07-23T10:20:57.617980" elapsed="0.002158"/>
</if>
<var name="${key}">ENDPOINT_LOGIN</var>
<status status="PASS" start="2025-07-23T10:20:57.616012" elapsed="0.004166"/>
</iter>
<var>${key}</var>
<value>@{keys}</value>
<status status="PASS" start="2025-07-23T10:20:57.615603" elapsed="0.004616"/>
</for>
<arg>${value}</arg>
<arg>${full_key}.</arg>
<status status="PASS" start="2025-07-23T10:20:57.614390" elapsed="0.005909"/>
</kw>
<status status="PASS" start="2025-07-23T10:20:57.613877" elapsed="0.006463"/>
</branch>
<branch type="ELSE">
<kw name="Set Suite Variable" owner="BuiltIn">
<arg>\${${full_key}}</arg>
<arg>${value}</arg>
<doc>Makes a variable available everywhere within the scope of the current suite.</doc>
<status status="NOT RUN" start="2025-07-23T10:20:57.620562" elapsed="0.000029"/>
</kw>
<kw name="Log" owner="BuiltIn">
<arg>Variável definida: \${${full_key}} = ${value}</arg>
<arg>level=DEBUG</arg>
<doc>Logs the given message with the given level.</doc>
<status status="NOT RUN" start="2025-07-23T10:20:57.620760" elapsed="0.000028"/>
</kw>
<status status="NOT RUN" start="2025-07-23T10:20:57.620373" elapsed="0.000459"/>
</branch>
<status status="PASS" start="2025-07-23T10:20:57.613830" elapsed="0.007030"/>
</if>
<var name="${key}">ENDPOINT</var>
<status status="PASS" start="2025-07-23T10:20:57.612030" elapsed="0.008864"/>
</iter>
<var>${key}</var>
<value>@{keys}</value>
<status status="PASS" start="2025-07-23T10:20:57.611762" elapsed="0.009171"/>
</for>
<arg>${value}</arg>
<arg>${full_key}.</arg>
<status status="PASS" start="2025-07-23T10:20:57.610605" elapsed="0.010405"/>
</kw>
<status status="PASS" start="2025-07-23T10:20:57.610244" elapsed="0.010805"/>
</branch>
<branch type="ELSE">
<kw name="Set Suite Variable" owner="BuiltIn">
<arg>\${${full_key}}</arg>
<arg>${value}</arg>
<doc>Makes a variable available everywhere within the scope of the current suite.</doc>
<status status="NOT RUN" start="2025-07-23T10:20:57.621272" elapsed="0.000028"/>
</kw>
<kw name="Log" owner="BuiltIn">
<arg>Variável definida: \${${full_key}} = ${value}</arg>
<arg>level=DEBUG</arg>
<doc>Logs the given message with the given level.</doc>
<status status="NOT RUN" start="2025-07-23T10:20:57.621463" elapsed="0.000027"/>
</kw>
<status status="NOT RUN" start="2025-07-23T10:20:57.621080" elapsed="0.000452"/>
</branch>
<status status="PASS" start="2025-07-23T10:20:57.610214" elapsed="0.011346"/>
</if>
<var name="${key}">LOGIN</var>
<status status="PASS" start="2025-07-23T10:20:57.608464" elapsed="0.013129"/>
</iter>
<iter>
<kw name="Get From Dictionary" owner="Collections">
<msg time="2025-07-23T10:20:57.622196" level="INFO">${value} = {'ENDPOINT': {'ENDPOINT_USERS': '/usuarios'}, 'PARAMETER': {'PARAMETER_FILTER': '?_id={PARAM_ID}&amp;nome={PARAM_NOME}&amp;email={PARAM_EMAIL}&amp;password={PARAM_PASSWORD}&amp;administrador={PARAM_ADMIN}'}}</msg>
<var>${value}</var>
<arg>${data}</arg>
<arg>${key}</arg>
<doc>Returns a value from the given ``dictionary`` based on the given ``key``.</doc>
<status status="PASS" start="2025-07-23T10:20:57.621937" elapsed="0.000297"/>
</kw>
<kw name="Set Variable" owner="BuiltIn">
<msg time="2025-07-23T10:20:57.622632" level="INFO">${full_key} = USER</msg>
<var>${full_key}</var>
<arg>${prefix}${key}</arg>
<doc>Returns the given values which can then be assigned to a variables.</doc>
<status status="PASS" start="2025-07-23T10:20:57.622400" elapsed="0.000265"/>
</kw>
<kw name="Evaluate" owner="BuiltIn">
<msg time="2025-07-23T10:20:57.623117" level="INFO">${is_dict} = True</msg>
<var>${is_dict}</var>
<arg>isinstance($value, dict)</arg>
<doc>Evaluates the given expression in Python and returns the result.</doc>
<status status="PASS" start="2025-07-23T10:20:57.622828" elapsed="0.000324"/>
</kw>
<if>
<branch type="IF" condition="${is_dict}">
<kw name="Create Variables From Dict" owner="base">
<kw name="Get Dictionary Keys" owner="Collections">
<msg time="2025-07-23T10:20:57.624311" level="INFO">${keys} = ['ENDPOINT', 'PARAMETER']</msg>
<var>${keys}</var>
<arg>${data}</arg>
<doc>Returns keys of the given ``dictionary`` as a list.</doc>
<status status="PASS" start="2025-07-23T10:20:57.624082" elapsed="0.000267"/>
</kw>
<for flavor="IN">
<iter>
<kw name="Get From Dictionary" owner="Collections">
<msg time="2025-07-23T10:20:57.625044" level="INFO">${value} = {'ENDPOINT_USERS': '/usuarios'}</msg>
<var>${value}</var>
<arg>${data}</arg>
<arg>${key}</arg>
<doc>Returns a value from the given ``dictionary`` based on the given ``key``.</doc>
<status status="PASS" start="2025-07-23T10:20:57.624813" elapsed="0.000266"/>
</kw>
<kw name="Set Variable" owner="BuiltIn">
<msg time="2025-07-23T10:20:57.625571" level="INFO">${full_key} = USER.ENDPOINT</msg>
<var>${full_key}</var>
<arg>${prefix}${key}</arg>
<doc>Returns the given values which can then be assigned to a variables.</doc>
<status status="PASS" start="2025-07-23T10:20:57.625343" elapsed="0.000262"/>
</kw>
<kw name="Evaluate" owner="BuiltIn">
<msg time="2025-07-23T10:20:57.626077" level="INFO">${is_dict} = True</msg>
<var>${is_dict}</var>
<arg>isinstance($value, dict)</arg>
<doc>Evaluates the given expression in Python and returns the result.</doc>
<status status="PASS" start="2025-07-23T10:20:57.625780" elapsed="0.000333"/>
</kw>
<if>
<branch type="IF" condition="${is_dict}">
<kw name="Create Variables From Dict" owner="base">
<kw name="Get Dictionary Keys" owner="Collections">
<msg time="2025-07-23T10:20:57.627395" level="INFO">${keys} = ['ENDPOINT_USERS']</msg>
<var>${keys}</var>
<arg>${data}</arg>
<doc>Returns keys of the given ``dictionary`` as a list.</doc>
<status status="PASS" start="2025-07-23T10:20:57.627196" elapsed="0.000233"/>
</kw>
<for flavor="IN">
<iter>
<kw name="Get From Dictionary" owner="Collections">
<msg time="2025-07-23T10:20:57.628093" level="INFO">${value} = /usuarios</msg>
<var>${value}</var>
<arg>${data}</arg>
<arg>${key}</arg>
<doc>Returns a value from the given ``dictionary`` based on the given ``key``.</doc>
<status status="PASS" start="2025-07-23T10:20:57.627868" elapsed="0.000259"/>
</kw>
<kw name="Set Variable" owner="BuiltIn">
<msg time="2025-07-23T10:20:57.628519" level="INFO">${full_key} = USER.ENDPOINT.ENDPOINT_USERS</msg>
<var>${full_key}</var>
<arg>${prefix}${key}</arg>
<doc>Returns the given values which can then be assigned to a variables.</doc>
<status status="PASS" start="2025-07-23T10:20:57.628301" elapsed="0.000251"/>
</kw>
<kw name="Evaluate" owner="BuiltIn">
<msg time="2025-07-23T10:20:57.628994" level="INFO">${is_dict} = False</msg>
<var>${is_dict}</var>
<arg>isinstance($value, dict)</arg>
<doc>Evaluates the given expression in Python and returns the result.</doc>
<status status="PASS" start="2025-07-23T10:20:57.628716" elapsed="0.000312"/>
</kw>
<if>
<branch type="IF" condition="${is_dict}">
<kw name="Create Variables From Dict" owner="base">
<arg>${value}</arg>
<arg>${full_key}.</arg>
<status status="NOT RUN" start="2025-07-23T10:20:57.629590" elapsed="0.000040"/>
</kw>
<status status="NOT RUN" start="2025-07-23T10:20:57.629122" elapsed="0.000562"/>
</branch>
<branch type="ELSE">
<kw name="Set Suite Variable" owner="BuiltIn">
<msg time="2025-07-23T10:20:57.630220" level="INFO">${USER.ENDPOINT.ENDPOINT_USERS} = /usuarios</msg>
<arg>\${${full_key}}</arg>
<arg>${value}</arg>
<doc>Makes a variable available everywhere within the scope of the current suite.</doc>
<status status="PASS" start="2025-07-23T10:20:57.629900" elapsed="0.000379"/>
</kw>
<kw name="Log" owner="BuiltIn">
<arg>Variável definida: \${${full_key}} = ${value}</arg>
<arg>level=DEBUG</arg>
<doc>Logs the given message with the given level.</doc>
<status status="PASS" start="2025-07-23T10:20:57.630443" elapsed="0.000336"/>
</kw>
<status status="PASS" start="2025-07-23T10:20:57.629722" elapsed="0.001108"/>
</branch>
<status status="PASS" start="2025-07-23T10:20:57.629096" elapsed="0.001764"/>
</if>
<var name="${key}">ENDPOINT_USERS</var>
<status status="PASS" start="2025-07-23T10:20:57.627720" elapsed="0.003175"/>
</iter>
<var>${key}</var>
<value>@{keys}</value>
<status status="PASS" start="2025-07-23T10:20:57.627498" elapsed="0.003434"/>
</for>
<arg>${value}</arg>
<arg>${full_key}.</arg>
<status status="PASS" start="2025-07-23T10:20:57.626738" elapsed="0.004264"/>
</kw>
<status status="PASS" start="2025-07-23T10:20:57.626211" elapsed="0.004829"/>
</branch>
<branch type="ELSE">
<kw name="Set Suite Variable" owner="BuiltIn">
<arg>\${${full_key}}</arg>
<arg>${value}</arg>
<doc>Makes a variable available everywhere within the scope of the current suite.</doc>
<status status="NOT RUN" start="2025-07-23T10:20:57.631238" elapsed="0.000027"/>
</kw>
<kw name="Log" owner="BuiltIn">
<arg>Variável definida: \${${full_key}} = ${value}</arg>
<arg>level=DEBUG</arg>
<doc>Logs the given message with the given level.</doc>
<status status="NOT RUN" start="2025-07-23T10:20:57.631423" elapsed="0.000026"/>
</kw>
<status status="NOT RUN" start="2025-07-23T10:20:57.631069" elapsed="0.000422"/>
</branch>
<status status="PASS" start="2025-07-23T10:20:57.626184" elapsed="0.005334"/>
</if>
<var name="${key}">ENDPOINT</var>
<status status="PASS" start="2025-07-23T10:20:57.624654" elapsed="0.006897"/>
</iter>
<iter>
<kw name="Get From Dictionary" owner="Collections">
<msg time="2025-07-23T10:20:57.632102" level="INFO">${value} = {'PARAMETER_FILTER': '?_id={PARAM_ID}&amp;nome={PARAM_NOME}&amp;email={PARAM_EMAIL}&amp;password={PARAM_PASSWORD}&amp;administrador={PARAM_ADMIN}'}</msg>
<var>${value}</var>
<arg>${data}</arg>
<arg>${key}</arg>
<doc>Returns a value from the given ``dictionary`` based on the given ``key``.</doc>
<status status="PASS" start="2025-07-23T10:20:57.631871" elapsed="0.000267"/>
</kw>
<kw name="Set Variable" owner="BuiltIn">
<msg time="2025-07-23T10:20:57.632539" level="INFO">${full_key} = USER.PARAMETER</msg>
<var>${full_key}</var>
<arg>${prefix}${key}</arg>
<doc>Returns the given values which can then be assigned to a variables.</doc>
<status status="PASS" start="2025-07-23T10:20:57.632326" elapsed="0.000245"/>
</kw>
<kw name="Evaluate" owner="BuiltIn">
<msg time="2025-07-23T10:20:57.632992" level="INFO">${is_dict} = True</msg>
<var>${is_dict}</var>
<arg>isinstance($value, dict)</arg>
<doc>Evaluates the given expression in Python and returns the result.</doc>
<status status="PASS" start="2025-07-23T10:20:57.632724" elapsed="0.000301"/>
</kw>
<if>
<branch type="IF" condition="${is_dict}">
<kw name="Create Variables From Dict" owner="base">
<kw name="Get Dictionary Keys" owner="Collections">
<msg time="2025-07-23T10:20:57.634044" level="INFO">${keys} = ['PARAMETER_FILTER']</msg>
<var>${keys}</var>
<arg>${data}</arg>
<doc>Returns keys of the given ``dictionary`` as a list.</doc>
<status status="PASS" start="2025-07-23T10:20:57.633860" elapsed="0.000216"/>
</kw>
<for flavor="IN">
<iter>
<kw name="Get From Dictionary" owner="Collections">
<msg time="2025-07-23T10:20:57.634705" level="INFO">${value} = ?_id={PARAM_ID}&amp;nome={PARAM_NOME}&amp;email={PARAM_EMAIL}&amp;password={PARAM_PASSWORD}&amp;administrador={PARAM_ADMIN}</msg>
<var>${value}</var>
<arg>${data}</arg>
<arg>${key}</arg>
<doc>Returns a value from the given ``dictionary`` based on the given ``key``.</doc>
<status status="PASS" start="2025-07-23T10:20:57.634498" elapsed="0.000240"/>
</kw>
<kw name="Set Variable" owner="BuiltIn">
<msg time="2025-07-23T10:20:57.635086" level="INFO">${full_key} = USER.PARAMETER.PARAMETER_FILTER</msg>
<var>${full_key}</var>
<arg>${prefix}${key}</arg>
<doc>Returns the given values which can then be assigned to a variables.</doc>
<status status="PASS" start="2025-07-23T10:20:57.634887" elapsed="0.000228"/>
</kw>
<kw name="Evaluate" owner="BuiltIn">
<msg time="2025-07-23T10:20:57.635589" level="INFO">${is_dict} = False</msg>
<var>${is_dict}</var>
<arg>isinstance($value, dict)</arg>
<doc>Evaluates the given expression in Python and returns the result.</doc>
<status status="PASS" start="2025-07-23T10:20:57.635269" elapsed="0.000355"/>
</kw>
<if>
<branch type="IF" condition="${is_dict}">
<kw name="Create Variables From Dict" owner="base">
<arg>${value}</arg>
<arg>${full_key}.</arg>
<status status="NOT RUN" start="2025-07-23T10:20:57.636047" elapsed="0.000033"/>
</kw>
<status status="NOT RUN" start="2025-07-23T10:20:57.635716" elapsed="0.000404"/>
</branch>
<branch type="ELSE">
<kw name="Set Suite Variable" owner="BuiltIn">
<msg time="2025-07-23T10:20:57.636614" level="INFO">${USER.PARAMETER.PARAMETER_FILTER} = ?_id={PARAM_ID}&amp;nome={PARAM_NOME}&amp;email={PARAM_EMAIL}&amp;password={PARAM_PASSWORD}&amp;administrador={PARAM_ADMIN}</msg>
<arg>\${${full_key}}</arg>
<arg>${value}</arg>
<doc>Makes a variable available everywhere within the scope of the current suite.</doc>
<status status="PASS" start="2025-07-23T10:20:57.636326" elapsed="0.000340"/>
</kw>
<kw name="Log" owner="BuiltIn">
<arg>Variável definida: \${${full_key}} = ${value}</arg>
<arg>level=DEBUG</arg>
<doc>Logs the given message with the given level.</doc>
<status status="PASS" start="2025-07-23T10:20:57.636910" elapsed="0.000443"/>
</kw>
<status status="PASS" start="2025-07-23T10:20:57.636150" elapsed="0.001253"/>
</branch>
<status status="PASS" start="2025-07-23T10:20:57.635690" elapsed="0.001743"/>
</if>
<var name="${key}">PARAMETER_FILTER</var>
<status status="PASS" start="2025-07-23T10:20:57.634372" elapsed="0.003095"/>
</iter>
<var>${key}</var>
<value>@{keys}</value>
<status status="PASS" start="2025-07-23T10:20:57.634138" elapsed="0.003361"/>
</for>
<arg>${value}</arg>
<arg>${full_key}.</arg>
<status status="PASS" start="2025-07-23T10:20:57.633441" elapsed="0.004123"/>
</kw>
<status status="PASS" start="2025-07-23T10:20:57.633112" elapsed="0.004485"/>
</branch>
<branch type="ELSE">
<kw name="Set Suite Variable" owner="BuiltIn">
<arg>\${${full_key}}</arg>
<arg>${value}</arg>
<doc>Makes a variable available everywhere within the scope of the current suite.</doc>
<status status="NOT RUN" start="2025-07-23T10:20:57.637789" elapsed="0.000024"/>
</kw>
<kw name="Log" owner="BuiltIn">
<arg>Variável definida: \${${full_key}} = ${value}</arg>
<arg>level=DEBUG</arg>
<doc>Logs the given message with the given level.</doc>
<status status="NOT RUN" start="2025-07-23T10:20:57.637948" elapsed="0.000024"/>
</kw>
<status status="NOT RUN" start="2025-07-23T10:20:57.637624" elapsed="0.000386"/>
</branch>
<status status="PASS" start="2025-07-23T10:20:57.633089" elapsed="0.004945"/>
</if>
<var name="${key}">PARAMETER</var>
<status status="PASS" start="2025-07-23T10:20:57.631736" elapsed="0.006327"/>
</iter>
<var>${key}</var>
<value>@{keys}</value>
<status status="PASS" start="2025-07-23T10:20:57.624421" elapsed="0.013673"/>
</for>
<arg>${value}</arg>
<arg>${full_key}.</arg>
<status status="PASS" start="2025-07-23T10:20:57.623611" elapsed="0.014545"/>
</kw>
<status status="PASS" start="2025-07-23T10:20:57.623252" elapsed="0.014937"/>
</branch>
<branch type="ELSE">
<kw name="Set Suite Variable" owner="BuiltIn">
<arg>\${${full_key}}</arg>
<arg>${value}</arg>
<doc>Makes a variable available everywhere within the scope of the current suite.</doc>
<status status="NOT RUN" start="2025-07-23T10:20:57.638354" elapsed="0.000022"/>
</kw>
<kw name="Log" owner="BuiltIn">
<arg>Variável definida: \${${full_key}} = ${value}</arg>
<arg>level=DEBUG</arg>
<doc>Logs the given message with the given level.</doc>
<status status="NOT RUN" start="2025-07-23T10:20:57.638502" elapsed="0.000022"/>
</kw>
<status status="NOT RUN" start="2025-07-23T10:20:57.638214" elapsed="0.000345"/>
</branch>
<status status="PASS" start="2025-07-23T10:20:57.623225" elapsed="0.015356"/>
</if>
<var name="${key}">USER</var>
<status status="PASS" start="2025-07-23T10:20:57.621794" elapsed="0.016815"/>
</iter>
<var>${key}</var>
<value>@{keys}</value>
<status status="PASS" start="2025-07-23T10:20:57.602332" elapsed="0.036307"/>
</for>
<arg>${env_data}</arg>
<status status="PASS" start="2025-07-23T10:20:57.600326" elapsed="0.038371"/>
</kw>
<doc>Carrega todas as variáveis do YAML dinamicamente no formato ${CATEGORIA.SUBCHAVE}
Exemplo: ${LOGIN.BASE_URL}, ${API.TIMEOUT}, etc.</doc>
<status status="PASS" start="2025-07-23T10:20:57.587181" elapsed="0.051572"/>
</kw>
<kw name="Login successfully" owner="login">
<kw name="Make Login Platform Request" owner="authentication">
<kw name="Header Authentication" owner="authentication_header">
<msg time="2025-07-23T10:20:57.639923" level="INFO">${HEADER} = {'Accept': 'application/json', 'Content-Type': 'application/json'}</msg>
<var>${HEADER}</var>
<status status="PASS" start="2025-07-23T10:20:57.639785" elapsed="0.000168"/>
</kw>
<kw name="Payload Login Authentication" owner="authentication_payload">
<msg time="2025-07-23T10:20:57.640219" level="INFO">${PAYLOAD} = {'email': 'fulano@qa.com', 'password': 'teste'}</msg>
<var>${PAYLOAD}</var>
<status status="PASS" start="2025-07-23T10:20:57.640086" elapsed="0.000160"/>
</kw>
<kw name="Make Post Request" owner="requests">
<kw name="Make Request" owner="requests">
<kw name="Create_Connection" owner="requests">
<kw name="Create Session" owner="RequestsLibrary">
<msg time="2025-07-23T10:20:57.642572" level="INFO">Creating Session using : alias=session, url=https://serverest.dev, headers={},                     cookies={}, auth=None, timeout=None, proxies=None, verify=False,                     debug=0 </msg>
<arg>session</arg>
<arg>${BASE_URL}</arg>
<doc>Create Session: create a HTTP session to a server</doc>
<status status="PASS" start="2025-07-23T10:20:57.642417" elapsed="0.000390"/>
</kw>
<arg>${BASE_URL}</arg>
<status status="PASS" start="2025-07-23T10:20:57.641860" elapsed="0.001022"/>
</kw>
<kw name="Run Keyword If" owner="BuiltIn">
<kw name="Set Variable" owner="BuiltIn">
<arg>${ENDPOINT}</arg>
<doc>Returns the given values which can then be assigned to a variables.</doc>
<status status="PASS" start="2025-07-23T10:20:57.643754" elapsed="0.000145"/>
</kw>
<msg time="2025-07-23T10:20:57.643995" level="INFO">${FULL_ENDPOINT} = /login</msg>
<var>${FULL_ENDPOINT}</var>
<arg>'${PARAMETER}' != '${EMPTY}'</arg>
<arg>Set Variable</arg>
<arg>${ENDPOINT}/${PARAMETER}</arg>
<arg>ELSE</arg>
<arg>Set Variable</arg>
<arg>${ENDPOINT}</arg>
<doc>Runs the given keyword with the given arguments, if ``condition`` is true.</doc>
<status status="PASS" start="2025-07-23T10:20:57.643052" elapsed="0.000970"/>
</kw>
<kw name="Create Dictionary" owner="BuiltIn">
<msg time="2025-07-23T10:20:57.644383" level="INFO">${ARGS} = {'expected_status': 'any'}</msg>
<var>${ARGS}</var>
<arg>expected_status=any</arg>
<doc>Creates and returns a dictionary based on the given ``items``.</doc>
<status status="PASS" start="2025-07-23T10:20:57.644181" elapsed="0.000231"/>
</kw>
<kw name="Run Keyword If" owner="BuiltIn">
<kw name="Set To Dictionary" owner="Collections">
<arg>${ARGS}</arg>
<arg>headers=${HEADER}</arg>
<doc>Adds the given ``key_value_pairs`` and/or ``items`` to the ``dictionary``.</doc>
<status status="PASS" start="2025-07-23T10:20:57.645675" elapsed="0.000333"/>
</kw>
<arg>"${HEADER}" != "${EMPTY}"</arg>
<arg>Set To Dictionary</arg>
<arg>${ARGS}</arg>
<arg>headers=${HEADER}</arg>
<doc>Runs the given keyword with the given arguments, if ``condition`` is true.</doc>
<status status="PASS" start="2025-07-23T10:20:57.644564" elapsed="0.001516"/>
</kw>
<kw name="Run Keyword If" owner="BuiltIn">
<kw name="Set To Dictionary" owner="Collections">
<arg>${ARGS}</arg>
<arg>json=${PAYLOAD}</arg>
<doc>Adds the given ``key_value_pairs`` and/or ``items`` to the ``dictionary``.</doc>
<status status="PASS" start="2025-07-23T10:20:57.647007" elapsed="0.000201"/>
</kw>
<arg>"${PAYLOAD}" != "${EMPTY}"</arg>
<arg>Set To Dictionary</arg>
<arg>${ARGS}</arg>
<arg>json=${PAYLOAD}</arg>
<doc>Runs the given keyword with the given arguments, if ``condition`` is true.</doc>
<status status="PASS" start="2025-07-23T10:20:57.646263" elapsed="0.001009"/>
</kw>
<kw name="Run Keyword" owner="BuiltIn">
<kw name="POST On Session" owner="RequestsLibrary">
<msg time="2025-07-23T10:20:58.066743" level="INFO">POST Request : url=https://serverest.dev/login 
 path_url=/login 
 headers={'User-Agent': 'python-requests/2.32.4', 'Accept-Encoding': 'gzip, deflate', 'Accept': 'application/json', 'Connection': 'keep-alive', 'Content-Type': 'application/json', 'Content-Length': '47'} 
 body=b'{"email": "fulano@qa.com", "password": "teste"}' 
 </msg>
<msg time="2025-07-23T10:20:58.066865" level="INFO">POST Response : url=https://serverest.dev/login 
 status=200, reason=OK 
 headers={'access-control-allow-origin': '*', 'x-dns-prefetch-control': 'off', 'x-frame-options': 'SAMEORIGIN', 'strict-transport-security': 'max-age=15552000; includeSubDomains', 'x-download-options': 'noopen', 'x-content-type-options': 'nosniff', 'x-xss-protection': '1; mode=block', 'content-type': 'application/json; charset=utf-8', 'x-cloud-trace-context': '3eafe41663098d7280402bbf13001e33;o=1', 'date': 'Wed, 23 Jul 2025 13:20:58 GMT', 'server': 'Google Frontend', 'Content-Length': '265'} 
 body={
    "message": "Login realizado com sucesso",
    "authorization": "Bearer eyJhbGciOiJIUzI1NiIsInR5cCI6IkpXVCJ9.eyJlbWFpbCI6ImZ1bGFub0BxYS5jb20iLCJwYXNzd29yZCI6InRlc3RlIiwiaWF0IjoxNzUzMjc2ODU4LCJleHAiOjE3NTMyNzc0NTh9.Jp1QEbCaQaDMQfyYoByL-zFPwtATm2tgACGKtpFmYf8"
} 
 </msg>
<arg>session</arg>
<arg>${FULL_ENDPOINT}</arg>
<arg>&amp;{ARGS}</arg>
<doc>Sends a POST request on a previously created HTTP Session.</doc>
<status status="PASS" start="2025-07-23T10:20:57.647802" elapsed="0.419219"/>
</kw>
<msg time="2025-07-23T10:20:58.067152" level="INFO">${RESPONSE} = &lt;Response [200]&gt;</msg>
<var>${RESPONSE}</var>
<arg>${METHOD} On Session</arg>
<arg>session</arg>
<arg>${FULL_ENDPOINT}</arg>
<arg>&amp;{ARGS}</arg>
<doc>Executes the given keyword with the given arguments.</doc>
<status status="PASS" start="2025-07-23T10:20:57.647426" elapsed="0.419755"/>
</kw>
<return>
<value>${RESPONSE}</value>
<status status="PASS" start="2025-07-23T10:20:58.067246" elapsed="0.000045"/>
</return>
<msg time="2025-07-23T10:20:58.067445" level="INFO">${response} = &lt;Response [200]&gt;</msg>
<var>${response}</var>
<arg>POST</arg>
<arg>${BASE_URL}</arg>
<arg>${ENDPOINT}</arg>
<arg>${HEADER}</arg>
<arg>${PAYLOAD}</arg>
<status status="PASS" start="2025-07-23T10:20:57.640963" elapsed="0.426511"/>
</kw>
<return>
<value>${response}</value>
<status status="PASS" start="2025-07-23T10:20:58.067529" elapsed="0.000029"/>
</return>
<msg time="2025-07-23T10:20:58.067686" level="INFO">${RESPONSE} = &lt;Response [200]&gt;</msg>
<var>${RESPONSE}</var>
<arg>ENDPOINT=${LOGIN.ENDPOINT.ENDPOINT_LOGIN}</arg>
<arg>HEADER=${HEADER}</arg>
<arg>PAYLOAD=${PAYLOAD}</arg>
<status status="PASS" start="2025-07-23T10:20:57.640405" elapsed="0.427310"/>
</kw>
<kw name="Set Variable" owner="BuiltIn">
<msg time="2025-07-23T10:20:58.068521" level="INFO">${TOKEN} = Bearer eyJhbGciOiJIUzI1NiIsInR5cCI6IkpXVCJ9.eyJlbWFpbCI6ImZ1bGFub0BxYS5jb20iLCJwYXNzd29yZCI6InRlc3RlIiwiaWF0IjoxNzUzMjc2ODU4LCJleHAiOjE3NTMyNzc0NTh9.Jp1QEbCaQaDMQfyYoByL-zFPwtATm2tgACGKtpFmYf8</msg>
<var>${TOKEN}</var>
<arg>${RESPONSE.json()}[authorization]</arg>
<doc>Returns the given values which can then be assigned to a variables.</doc>
<status status="PASS" start="2025-07-23T10:20:58.067900" elapsed="0.000654"/>
</kw>
<kw name="Set Suite Variable" owner="BuiltIn">
<msg time="2025-07-23T10:20:58.068931" level="INFO">${TOKEN} = Bearer eyJhbGciOiJIUzI1NiIsInR5cCI6IkpXVCJ9.eyJlbWFpbCI6ImZ1bGFub0BxYS5jb20iLCJwYXNzd29yZCI6InRlc3RlIiwiaWF0IjoxNzUzMjc2ODU4LCJleHAiOjE3NTMyNzc0NTh9.Jp1QEbCaQaDMQfyYoByL-zFPwtATm2tgACGKtpFmYf8</msg>
<arg>${TOKEN}</arg>
<doc>Makes a variable available everywhere within the scope of the current suite.</doc>
<status status="PASS" start="2025-07-23T10:20:58.068728" elapsed="0.000252"/>
</kw>
<if>
<branch type="IF" condition="&quot;${RETURN}&quot; != &quot;False&quot;">
<return>
<value>${RESPONSE}</value>
<status status="PASS" start="2025-07-23T10:20:58.069203" elapsed="0.000032"/>
</return>
<status status="PASS" start="2025-07-23T10:20:58.069068" elapsed="0.000206"/>
</branch>
<status status="PASS" start="2025-07-23T10:20:58.069043" elapsed="0.000259"/>
</if>
<msg time="2025-07-23T10:20:58.069435" level="INFO">${RESPONSE} = &lt;Response [200]&gt;</msg>
<var>${RESPONSE}</var>
<arg>${RETURN}</arg>
<status status="PASS" start="2025-07-23T10:20:57.639484" elapsed="0.429980"/>
</kw>
<return>
<value>${RESPONSE}</value>
<status status="PASS" start="2025-07-23T10:20:58.069510" elapsed="0.000028"/>
</return>
<msg time="2025-07-23T10:20:58.069661" level="INFO">${RESPONSE} = &lt;Response [200]&gt;</msg>
<var>${RESPONSE}</var>
<arg>RETURN=${True}</arg>
<status status="PASS" start="2025-07-23T10:20:57.639011" elapsed="0.430677"/>
</kw>
<kw name="Validate_Response_Status" owner="validate_response_status_code">
<kw name="Convert To Integer" owner="BuiltIn">
<msg time="2025-07-23T10:20:58.070919" level="INFO">${EXPECTED_STATUS} = 200</msg>
<var>${EXPECTED_STATUS}</var>
<arg>${EXPECTED_STATUS}</arg>
<doc>Converts the given item to an integer number.</doc>
<status status="PASS" start="2025-07-23T10:20:58.070694" elapsed="0.000257"/>
</kw>
<kw name="Should Be Equal" owner="BuiltIn">
<arg>${RESPONSE.status_code}</arg>
<arg>${EXPECTED_STATUS}</arg>
<doc>Fails if the given objects are unequal.</doc>
<status status="PASS" start="2025-07-23T10:20:58.071121" elapsed="0.000624"/>
</kw>
<arg>${RESPONSE}</arg>
<arg>${STATUS_CODE.SUCCESS}</arg>
<status status="PASS" start="2025-07-23T10:20:58.069943" elapsed="0.001896"/>
</kw>
<tag>LOGIN</tag>
<status status="PASS" start="2025-07-23T10:20:57.582463" elapsed="0.489571"/>
</test>
<status status="PASS" start="2025-07-23T10:20:57.294397" elapsed="0.778115"/>
</suite>
<suite id="s1-s2" name="User" source="/Users/yan/Documents/Robot Framework - API/tests/user.robot">
<test id="s1-s2-t1" name="Test Get All Users" line="7">
<kw name="Load Environment Variables Dynamically" owner="base" type="SETUP">
<kw name="Load YAML File Safely" owner="base">
<try>
<branch type="TRY">
<kw name="Evaluate" owner="BuiltIn">
<msg time="2025-07-23T10:20:58.095753" level="INFO">${data} = {'DEV': {'BASE_URL': 'https://serverest.dev', 'LOGIN': {'ENDPOINT': {'ENDPOINT_LOGIN': '/login'}}, 'USER': {'ENDPOINT': {'ENDPOINT_USERS': '/usuarios'}, 'PARAMETER': {'PARAMETER_FILTER': '?_id={PARAM_...</msg>
<var>${data}</var>
<arg>yaml.safe_load(open('${file_path}', 'r', encoding='utf-8'))</arg>
<arg>modules=yaml</arg>
<doc>Evaluates the given expression in Python and returns the result.</doc>
<status status="PASS" start="2025-07-23T10:20:58.094117" elapsed="0.001689"/>
</kw>
<return>
<value>${data}</value>
<status status="PASS" start="2025-07-23T10:20:58.095888" elapsed="0.000068"/>
</return>
<status status="PASS" start="2025-07-23T10:20:58.093892" elapsed="0.002112"/>
</branch>
<branch type="EXCEPT">
<pattern>FileNotFoundError</pattern>
<kw name="Fail" owner="BuiltIn">
<arg>msg=Arquivo YAML não encontrado: ${file_path}</arg>
<doc>Fails the test with the given message and optionally alters its tags.</doc>
<status status="NOT RUN" start="2025-07-23T10:20:58.096282" elapsed="0.000032"/>
</kw>
<status status="NOT RUN" start="2025-07-23T10:20:58.096069" elapsed="0.000288"/>
</branch>
<branch type="EXCEPT">
<pattern>yaml.YAMLError as error</pattern>
<kw name="Fail" owner="BuiltIn">
<arg>msg=Erro ao analisar YAML: ${error}</arg>
<doc>Fails the test with the given message and optionally alters its tags.</doc>
<status status="NOT RUN" start="2025-07-23T10:20:58.096609" elapsed="0.000033"/>
</kw>
<status status="NOT RUN" start="2025-07-23T10:20:58.096401" elapsed="0.000281"/>
</branch>
<status status="PASS" start="2025-07-23T10:20:58.093825" elapsed="0.002912"/>
</try>
<msg time="2025-07-23T10:20:58.097082" level="INFO">${yaml_data} = {'DEV': {'BASE_URL': 'https://serverest.dev', 'LOGIN': {'ENDPOINT': {'ENDPOINT_LOGIN': '/login'}}, 'USER': {'ENDPOINT': {'ENDPOINT_USERS': '/usuarios'}, 'PARAMETER': {'PARAMETER_FILTER': '?_id={PARAM_...</msg>
<var>${yaml_data}</var>
<arg>${YAML_FILE}</arg>
<doc>Carrega o arquivo YAML com tratamento de erros</doc>
<status status="PASS" start="2025-07-23T10:20:58.093249" elapsed="0.003875"/>
</kw>
<kw name="Get Environment Data" owner="base">
<kw name="Run Keyword If" owner="BuiltIn">
<arg>not $yaml_data or $yaml_data is None</arg>
<arg>Fail</arg>
<arg>msg=Os dados do YAML estão vazios ou inválidos</arg>
<doc>Runs the given keyword with the given arguments, if ``condition`` is true.</doc>
<status status="PASS" start="2025-07-23T10:20:58.097807" elapsed="0.000239"/>
</kw>
<kw name="Run Keyword If" owner="BuiltIn">
<arg>'${environment}' not in $yaml_data</arg>
<arg>Fail</arg>
<arg>msg=Ambiente '${environment}' não encontrado no YAML. Ambientes disponíveis: ${yaml_data.keys()}</arg>
<doc>Runs the given keyword with the given arguments, if ``condition`` is true.</doc>
<status status="PASS" start="2025-07-23T10:20:58.098221" elapsed="0.000218"/>
</kw>
<return>
<value>${yaml_data["${environment}"]}</value>
<status status="PASS" start="2025-07-23T10:20:58.098498" elapsed="0.000041"/>
</return>
<msg time="2025-07-23T10:20:58.099082" level="INFO">${env_data} = {'BASE_URL': 'https://serverest.dev', 'LOGIN': {'ENDPOINT': {'ENDPOINT_LOGIN': '/login'}}, 'USER': {'ENDPOINT': {'ENDPOINT_USERS': '/usuarios'}, 'PARAMETER': {'PARAMETER_FILTER': '?_id={PARAM_ID}&amp;nome...</msg>
<var>${env_data}</var>
<arg>${yaml_data}</arg>
<arg>${API_ENVIRONMENT}</arg>
<doc>Obtém os dados do ambiente especificado com validação</doc>
<status status="PASS" start="2025-07-23T10:20:58.097378" elapsed="0.001739"/>
</kw>
<kw name="Create Variables From Dict" owner="base">
<kw name="Get Dictionary Keys" owner="Collections">
<msg time="2025-07-23T10:20:58.100413" level="INFO">${keys} = ['BASE_URL', 'LOGIN', 'USER']</msg>
<var>${keys}</var>
<arg>${data}</arg>
<doc>Returns keys of the given ``dictionary`` as a list.</doc>
<status status="PASS" start="2025-07-23T10:20:58.100210" elapsed="0.000235"/>
</kw>
<for flavor="IN">
<iter>
<kw name="Get From Dictionary" owner="Collections">
<msg time="2025-07-23T10:20:58.101096" level="INFO">${value} = https://serverest.dev</msg>
<var>${value}</var>
<arg>${data}</arg>
<arg>${key}</arg>
<doc>Returns a value from the given ``dictionary`` based on the given ``key``.</doc>
<status status="PASS" start="2025-07-23T10:20:58.100880" elapsed="0.000247"/>
</kw>
<kw name="Set Variable" owner="BuiltIn">
<msg time="2025-07-23T10:20:58.101484" level="INFO">${full_key} = BASE_URL</msg>
<var>${full_key}</var>
<arg>${prefix}${key}</arg>
<doc>Returns the given values which can then be assigned to a variables.</doc>
<status status="PASS" start="2025-07-23T10:20:58.101283" elapsed="0.000231"/>
</kw>
<kw name="Evaluate" owner="BuiltIn">
<msg time="2025-07-23T10:20:58.101918" level="INFO">${is_dict} = False</msg>
<var>${is_dict}</var>
<arg>isinstance($value, dict)</arg>
<doc>Evaluates the given expression in Python and returns the result.</doc>
<status status="PASS" start="2025-07-23T10:20:58.101660" elapsed="0.000287"/>
</kw>
<if>
<branch type="IF" condition="${is_dict}">
<kw name="Create Variables From Dict" owner="base">
<arg>${value}</arg>
<arg>${full_key}.</arg>
<status status="NOT RUN" start="2025-07-23T10:20:58.102345" elapsed="0.000032"/>
</kw>
<status status="NOT RUN" start="2025-07-23T10:20:58.102037" elapsed="0.000382"/>
</branch>
<branch type="ELSE">
<kw name="Set Suite Variable" owner="BuiltIn">
<msg time="2025-07-23T10:20:58.102844" level="INFO">${BASE_URL} = https://serverest.dev</msg>
<arg>\${${full_key}}</arg>
<arg>${value}</arg>
<doc>Makes a variable available everywhere within the scope of the current suite.</doc>
<status status="PASS" start="2025-07-23T10:20:58.102600" elapsed="0.000293"/>
</kw>
<kw name="Log" owner="BuiltIn">
<arg>Variável definida: \${${full_key}} = ${value}</arg>
<arg>level=DEBUG</arg>
<doc>Logs the given message with the given level.</doc>
<status status="PASS" start="2025-07-23T10:20:58.103039" elapsed="0.000292"/>
</kw>
<status status="PASS" start="2025-07-23T10:20:58.102450" elapsed="0.000924"/>
</branch>
<status status="PASS" start="2025-07-23T10:20:58.102011" elapsed="0.001390"/>
</if>
<var name="${key}">BASE_URL</var>
<status status="PASS" start="2025-07-23T10:20:58.100739" elapsed="0.002692"/>
</iter>
<iter>
<kw name="Get From Dictionary" owner="Collections">
<msg time="2025-07-23T10:20:58.103916" level="INFO">${value} = {'ENDPOINT': {'ENDPOINT_LOGIN': '/login'}}</msg>
<var>${value}</var>
<arg>${data}</arg>
<arg>${key}</arg>
<doc>Returns a value from the given ``dictionary`` based on the given ``key``.</doc>
<status status="PASS" start="2025-07-23T10:20:58.103714" elapsed="0.000231"/>
</kw>
<kw name="Set Variable" owner="BuiltIn">
<msg time="2025-07-23T10:20:58.104574" level="INFO">${full_key} = LOGIN</msg>
<var>${full_key}</var>
<arg>${prefix}${key}</arg>
<doc>Returns the given values which can then be assigned to a variables.</doc>
<status status="PASS" start="2025-07-23T10:20:58.104092" elapsed="0.000611"/>
</kw>
<kw name="Evaluate" owner="BuiltIn">
<msg time="2025-07-23T10:20:58.105307" level="INFO">${is_dict} = True</msg>
<var>${is_dict}</var>
<arg>isinstance($value, dict)</arg>
<doc>Evaluates the given expression in Python and returns the result.</doc>
<status status="PASS" start="2025-07-23T10:20:58.104973" elapsed="0.000368"/>
</kw>
<if>
<branch type="IF" condition="${is_dict}">
<kw name="Create Variables From Dict" owner="base">
<kw name="Get Dictionary Keys" owner="Collections">
<msg time="2025-07-23T10:20:58.106592" level="INFO">${keys} = ['ENDPOINT']</msg>
<var>${keys}</var>
<arg>${data}</arg>
<doc>Returns keys of the given ``dictionary`` as a list.</doc>
<status status="PASS" start="2025-07-23T10:20:58.106401" elapsed="0.000222"/>
</kw>
<for flavor="IN">
<iter>
<kw name="Get From Dictionary" owner="Collections">
<msg time="2025-07-23T10:20:58.107201" level="INFO">${value} = {'ENDPOINT_LOGIN': '/login'}</msg>
<var>${value}</var>
<arg>${data}</arg>
<arg>${key}</arg>
<doc>Returns a value from the given ``dictionary`` based on the given ``key``.</doc>
<status status="PASS" start="2025-07-23T10:20:58.107010" elapsed="0.000220"/>
</kw>
<kw name="Set Variable" owner="BuiltIn">
<msg time="2025-07-23T10:20:58.107555" level="INFO">${full_key} = LOGIN.ENDPOINT</msg>
<var>${full_key}</var>
<arg>${prefix}${key}</arg>
<doc>Returns the given values which can then be assigned to a variables.</doc>
<status status="PASS" start="2025-07-23T10:20:58.107371" elapsed="0.000213"/>
</kw>
<kw name="Evaluate" owner="BuiltIn">
<msg time="2025-07-23T10:20:58.107979" level="INFO">${is_dict} = True</msg>
<var>${is_dict}</var>
<arg>isinstance($value, dict)</arg>
<doc>Evaluates the given expression in Python and returns the result.</doc>
<status status="PASS" start="2025-07-23T10:20:58.107724" elapsed="0.000285"/>
</kw>
<if>
<branch type="IF" condition="${is_dict}">
<kw name="Create Variables From Dict" owner="base">
<kw name="Get Dictionary Keys" owner="Collections">
<msg time="2025-07-23T10:20:58.108981" level="INFO">${keys} = ['ENDPOINT_LOGIN']</msg>
<var>${keys}</var>
<arg>${data}</arg>
<doc>Returns keys of the given ``dictionary`` as a list.</doc>
<status status="PASS" start="2025-07-23T10:20:58.108797" elapsed="0.000215"/>
</kw>
<for flavor="IN">
<iter>
<kw name="Get From Dictionary" owner="Collections">
<msg time="2025-07-23T10:20:58.109597" level="INFO">${value} = /login</msg>
<var>${value}</var>
<arg>${data}</arg>
<arg>${key}</arg>
<doc>Returns a value from the given ``dictionary`` based on the given ``key``.</doc>
<status status="PASS" start="2025-07-23T10:20:58.109406" elapsed="0.000226"/>
</kw>
<kw name="Set Variable" owner="BuiltIn">
<msg time="2025-07-23T10:20:58.109971" level="INFO">${full_key} = LOGIN.ENDPOINT.ENDPOINT_LOGIN</msg>
<var>${full_key}</var>
<arg>${prefix}${key}</arg>
<doc>Returns the given values which can then be assigned to a variables.</doc>
<status status="PASS" start="2025-07-23T10:20:58.109780" elapsed="0.000219"/>
</kw>
<kw name="Evaluate" owner="BuiltIn">
<msg time="2025-07-23T10:20:58.110380" level="INFO">${is_dict} = False</msg>
<var>${is_dict}</var>
<arg>isinstance($value, dict)</arg>
<doc>Evaluates the given expression in Python and returns the result.</doc>
<status status="PASS" start="2025-07-23T10:20:58.110137" elapsed="0.000272"/>
</kw>
<if>
<branch type="IF" condition="${is_dict}">
<kw name="Create Variables From Dict" owner="base">
<arg>${value}</arg>
<arg>${full_key}.</arg>
<status status="NOT RUN" start="2025-07-23T10:20:58.110792" elapsed="0.000032"/>
</kw>
<status status="NOT RUN" start="2025-07-23T10:20:58.110492" elapsed="0.000370"/>
</branch>
<branch type="ELSE">
<kw name="Set Suite Variable" owner="BuiltIn">
<msg time="2025-07-23T10:20:58.111321" level="INFO">${LOGIN.ENDPOINT.ENDPOINT_LOGIN} = /login</msg>
<arg>\${${full_key}}</arg>
<arg>${value}</arg>
<doc>Makes a variable available everywhere within the scope of the current suite.</doc>
<status status="PASS" start="2025-07-23T10:20:58.111044" elapsed="0.000327"/>
</kw>
<kw name="Log" owner="BuiltIn">
<arg>Variável definida: \${${full_key}} = ${value}</arg>
<arg>level=DEBUG</arg>
<doc>Logs the given message with the given level.</doc>
<status status="PASS" start="2025-07-23T10:20:58.111509" elapsed="0.000299"/>
</kw>
<status status="PASS" start="2025-07-23T10:20:58.110892" elapsed="0.000960"/>
</branch>
<status status="PASS" start="2025-07-23T10:20:58.110468" elapsed="0.001411"/>
</if>
<var name="${key}">ENDPOINT_LOGIN</var>
<status status="PASS" start="2025-07-23T10:20:58.109278" elapsed="0.002632"/>
</iter>
<var>${key}</var>
<value>@{keys}</value>
<status status="PASS" start="2025-07-23T10:20:58.109072" elapsed="0.002869"/>
</for>
<arg>${value}</arg>
<arg>${full_key}.</arg>
<status status="PASS" start="2025-07-23T10:20:58.108396" elapsed="0.003675"/>
</kw>
<status status="PASS" start="2025-07-23T10:20:58.108094" elapsed="0.004015"/>
</branch>
<branch type="ELSE">
<kw name="Set Suite Variable" owner="BuiltIn">
<arg>\${${full_key}}</arg>
<arg>${value}</arg>
<doc>Makes a variable available everywhere within the scope of the current suite.</doc>
<status status="NOT RUN" start="2025-07-23T10:20:58.112327" elapsed="0.000034"/>
</kw>
<kw name="Log" owner="BuiltIn">
<arg>Variável definida: \${${full_key}} = ${value}</arg>
<arg>level=DEBUG</arg>
<doc>Logs the given message with the given level.</doc>
<status status="NOT RUN" start="2025-07-23T10:20:58.112515" elapsed="0.000025"/>
</kw>
<status status="NOT RUN" start="2025-07-23T10:20:58.112136" elapsed="0.000442"/>
</branch>
<status status="PASS" start="2025-07-23T10:20:58.108070" elapsed="0.004533"/>
</if>
<var name="${key}">ENDPOINT</var>
<status status="PASS" start="2025-07-23T10:20:58.106886" elapsed="0.005749"/>
</iter>
<var>${key}</var>
<value>@{keys}</value>
<status status="PASS" start="2025-07-23T10:20:58.106684" elapsed="0.005983"/>
</for>
<arg>${value}</arg>
<arg>${full_key}.</arg>
<status status="PASS" start="2025-07-23T10:20:58.105792" elapsed="0.006939"/>
</kw>
<status status="PASS" start="2025-07-23T10:20:58.105448" elapsed="0.007316"/>
</branch>
<branch type="ELSE">
<kw name="Set Suite Variable" owner="BuiltIn">
<arg>\${${full_key}}</arg>
<arg>${value}</arg>
<doc>Makes a variable available everywhere within the scope of the current suite.</doc>
<status status="NOT RUN" start="2025-07-23T10:20:58.112935" elapsed="0.000024"/>
</kw>
<kw name="Log" owner="BuiltIn">
<arg>Variável definida: \${${full_key}} = ${value}</arg>
<arg>level=DEBUG</arg>
<doc>Logs the given message with the given level.</doc>
<status status="NOT RUN" start="2025-07-23T10:20:58.113151" elapsed="0.000035"/>
</kw>
<status status="NOT RUN" start="2025-07-23T10:20:58.112790" elapsed="0.000455"/>
</branch>
<status status="PASS" start="2025-07-23T10:20:58.105414" elapsed="0.007868"/>
</if>
<var name="${key}">LOGIN</var>
<status status="PASS" start="2025-07-23T10:20:58.103593" elapsed="0.009741"/>
</iter>
<iter>
<kw name="Get From Dictionary" owner="Collections">
<msg time="2025-07-23T10:20:58.114267" level="INFO">${value} = {'ENDPOINT': {'ENDPOINT_USERS': '/usuarios'}, 'PARAMETER': {'PARAMETER_FILTER': '?_id={PARAM_ID}&amp;nome={PARAM_NOME}&amp;email={PARAM_EMAIL}&amp;password={PARAM_PASSWORD}&amp;administrador={PARAM_ADMIN}'}}</msg>
<var>${value}</var>
<arg>${data}</arg>
<arg>${key}</arg>
<doc>Returns a value from the given ``dictionary`` based on the given ``key``.</doc>
<status status="PASS" start="2025-07-23T10:20:58.113877" elapsed="0.000428"/>
</kw>
<kw name="Set Variable" owner="BuiltIn">
<msg time="2025-07-23T10:20:58.114674" level="INFO">${full_key} = USER</msg>
<var>${full_key}</var>
<arg>${prefix}${key}</arg>
<doc>Returns the given values which can then be assigned to a variables.</doc>
<status status="PASS" start="2025-07-23T10:20:58.114465" elapsed="0.000238"/>
</kw>
<kw name="Evaluate" owner="BuiltIn">
<msg time="2025-07-23T10:20:58.115104" level="INFO">${is_dict} = True</msg>
<var>${is_dict}</var>
<arg>isinstance($value, dict)</arg>
<doc>Evaluates the given expression in Python and returns the result.</doc>
<status status="PASS" start="2025-07-23T10:20:58.114849" elapsed="0.000284"/>
</kw>
<if>
<branch type="IF" condition="${is_dict}">
<kw name="Create Variables From Dict" owner="base">
<kw name="Get Dictionary Keys" owner="Collections">
<msg time="2025-07-23T10:20:58.116071" level="INFO">${keys} = ['ENDPOINT', 'PARAMETER']</msg>
<var>${keys}</var>
<arg>${data}</arg>
<doc>Returns keys of the given ``dictionary`` as a list.</doc>
<status status="PASS" start="2025-07-23T10:20:58.115895" elapsed="0.000207"/>
</kw>
<for flavor="IN">
<iter>
<kw name="Get From Dictionary" owner="Collections">
<msg time="2025-07-23T10:20:58.116704" level="INFO">${value} = {'ENDPOINT_USERS': '/usuarios'}</msg>
<var>${value}</var>
<arg>${data}</arg>
<arg>${key}</arg>
<doc>Returns a value from the given ``dictionary`` based on the given ``key``.</doc>
<status status="PASS" start="2025-07-23T10:20:58.116472" elapsed="0.000276"/>
</kw>
<kw name="Set Variable" owner="BuiltIn">
<msg time="2025-07-23T10:20:58.117134" level="INFO">${full_key} = USER.ENDPOINT</msg>
<var>${full_key}</var>
<arg>${prefix}${key}</arg>
<doc>Returns the given values which can then be assigned to a variables.</doc>
<status status="PASS" start="2025-07-23T10:20:58.116909" elapsed="0.000254"/>
</kw>
<kw name="Evaluate" owner="BuiltIn">
<msg time="2025-07-23T10:20:58.117622" level="INFO">${is_dict} = True</msg>
<var>${is_dict}</var>
<arg>isinstance($value, dict)</arg>
<doc>Evaluates the given expression in Python and returns the result.</doc>
<status status="PASS" start="2025-07-23T10:20:58.117306" elapsed="0.000350"/>
</kw>
<if>
<branch type="IF" condition="${is_dict}">
<kw name="Create Variables From Dict" owner="base">
<kw name="Get Dictionary Keys" owner="Collections">
<msg time="2025-07-23T10:20:58.119799" level="INFO">${keys} = ['ENDPOINT_USERS']</msg>
<var>${keys}</var>
<arg>${data}</arg>
<doc>Returns keys of the given ``dictionary`` as a list.</doc>
<status status="PASS" start="2025-07-23T10:20:58.119624" elapsed="0.000206"/>
</kw>
<for flavor="IN">
<iter>
<kw name="Get From Dictionary" owner="Collections">
<msg time="2025-07-23T10:20:58.120415" level="INFO">${value} = /usuarios</msg>
<var>${value}</var>
<arg>${data}</arg>
<arg>${key}</arg>
<doc>Returns a value from the given ``dictionary`` based on the given ``key``.</doc>
<status status="PASS" start="2025-07-23T10:20:58.120221" elapsed="0.000225"/>
</kw>
<kw name="Set Variable" owner="BuiltIn">
<msg time="2025-07-23T10:20:58.120861" level="INFO">${full_key} = USER.ENDPOINT.ENDPOINT_USERS</msg>
<var>${full_key}</var>
<arg>${prefix}${key}</arg>
<doc>Returns the given values which can then be assigned to a variables.</doc>
<status status="PASS" start="2025-07-23T10:20:58.120592" elapsed="0.000306"/>
</kw>
<kw name="Evaluate" owner="BuiltIn">
<msg time="2025-07-23T10:20:58.121340" level="INFO">${is_dict} = False</msg>
<var>${is_dict}</var>
<arg>isinstance($value, dict)</arg>
<doc>Evaluates the given expression in Python and returns the result.</doc>
<status status="PASS" start="2025-07-23T10:20:58.121059" elapsed="0.000313"/>
</kw>
<if>
<branch type="IF" condition="${is_dict}">
<kw name="Create Variables From Dict" owner="base">
<arg>${value}</arg>
<arg>${full_key}.</arg>
<status status="NOT RUN" start="2025-07-23T10:20:58.121873" elapsed="0.000038"/>
</kw>
<status status="NOT RUN" start="2025-07-23T10:20:58.121468" elapsed="0.000490"/>
</branch>
<branch type="ELSE">
<kw name="Set Suite Variable" owner="BuiltIn">
<msg time="2025-07-23T10:20:58.122446" level="INFO">${USER.ENDPOINT.ENDPOINT_USERS} = /usuarios</msg>
<arg>\${${full_key}}</arg>
<arg>${value}</arg>
<doc>Makes a variable available everywhere within the scope of the current suite.</doc>
<status status="PASS" start="2025-07-23T10:20:58.122154" elapsed="0.000344"/>
</kw>
<kw name="Log" owner="BuiltIn">
<arg>Variável definida: \${${full_key}} = ${value}</arg>
<arg>level=DEBUG</arg>
<doc>Logs the given message with the given level.</doc>
<status status="PASS" start="2025-07-23T10:20:58.122646" elapsed="0.000304"/>
</kw>
<status status="PASS" start="2025-07-23T10:20:58.121992" elapsed="0.001001"/>
</branch>
<status status="PASS" start="2025-07-23T10:20:58.121440" elapsed="0.001581"/>
</if>
<var name="${key}">ENDPOINT_USERS</var>
<status status="PASS" start="2025-07-23T10:20:58.120096" elapsed="0.002956"/>
</iter>
<var>${key}</var>
<value>@{keys}</value>
<status status="PASS" start="2025-07-23T10:20:58.119890" elapsed="0.003196"/>
</for>
<arg>${value}</arg>
<arg>${full_key}.</arg>
<status status="PASS" start="2025-07-23T10:20:58.119217" elapsed="0.003934"/>
</kw>
<status status="PASS" start="2025-07-23T10:20:58.117743" elapsed="0.005442"/>
</branch>
<branch type="ELSE">
<kw name="Set Suite Variable" owner="BuiltIn">
<arg>\${${full_key}}</arg>
<arg>${value}</arg>
<doc>Makes a variable available everywhere within the scope of the current suite.</doc>
<status status="NOT RUN" start="2025-07-23T10:20:58.123364" elapsed="0.000024"/>
</kw>
<kw name="Log" owner="BuiltIn">
<arg>Variável definida: \${${full_key}} = ${value}</arg>
<arg>level=DEBUG</arg>
<doc>Logs the given message with the given level.</doc>
<status status="NOT RUN" start="2025-07-23T10:20:58.123588" elapsed="0.000025"/>
</kw>
<status status="NOT RUN" start="2025-07-23T10:20:58.123210" elapsed="0.000439"/>
</branch>
<status status="PASS" start="2025-07-23T10:20:58.117719" elapsed="0.005955"/>
</if>
<var name="${key}">ENDPOINT</var>
<status status="PASS" start="2025-07-23T10:20:58.116351" elapsed="0.007352"/>
</iter>
<iter>
<kw name="Get From Dictionary" owner="Collections">
<msg time="2025-07-23T10:20:58.124225" level="INFO">${value} = {'PARAMETER_FILTER': '?_id={PARAM_ID}&amp;nome={PARAM_NOME}&amp;email={PARAM_EMAIL}&amp;password={PARAM_PASSWORD}&amp;administrador={PARAM_ADMIN}'}</msg>
<var>${value}</var>
<arg>${data}</arg>
<arg>${key}</arg>
<doc>Returns a value from the given ``dictionary`` based on the given ``key``.</doc>
<status status="PASS" start="2025-07-23T10:20:58.123994" elapsed="0.000266"/>
</kw>
<kw name="Set Variable" owner="BuiltIn">
<msg time="2025-07-23T10:20:58.124617" level="INFO">${full_key} = USER.PARAMETER</msg>
<var>${full_key}</var>
<arg>${prefix}${key}</arg>
<doc>Returns the given values which can then be assigned to a variables.</doc>
<status status="PASS" start="2025-07-23T10:20:58.124416" elapsed="0.000230"/>
</kw>
<kw name="Evaluate" owner="BuiltIn">
<msg time="2025-07-23T10:20:58.125069" level="INFO">${is_dict} = True</msg>
<var>${is_dict}</var>
<arg>isinstance($value, dict)</arg>
<doc>Evaluates the given expression in Python and returns the result.</doc>
<status status="PASS" start="2025-07-23T10:20:58.124793" elapsed="0.000308"/>
</kw>
<if>
<branch type="IF" condition="${is_dict}">
<kw name="Create Variables From Dict" owner="base">
<kw name="Get Dictionary Keys" owner="Collections">
<msg time="2025-07-23T10:20:58.126090" level="INFO">${keys} = ['PARAMETER_FILTER']</msg>
<var>${keys}</var>
<arg>${data}</arg>
<doc>Returns keys of the given ``dictionary`` as a list.</doc>
<status status="PASS" start="2025-07-23T10:20:58.125907" elapsed="0.000214"/>
</kw>
<for flavor="IN">
<iter>
<kw name="Get From Dictionary" owner="Collections">
<msg time="2025-07-23T10:20:58.126727" level="INFO">${value} = ?_id={PARAM_ID}&amp;nome={PARAM_NOME}&amp;email={PARAM_EMAIL}&amp;password={PARAM_PASSWORD}&amp;administrador={PARAM_ADMIN}</msg>
<var>${value}</var>
<arg>${data}</arg>
<arg>${key}</arg>
<doc>Returns a value from the given ``dictionary`` based on the given ``key``.</doc>
<status status="PASS" start="2025-07-23T10:20:58.126535" elapsed="0.000224"/>
</kw>
<kw name="Set Variable" owner="BuiltIn">
<msg time="2025-07-23T10:20:58.127087" level="INFO">${full_key} = USER.PARAMETER.PARAMETER_FILTER</msg>
<var>${full_key}</var>
<arg>${prefix}${key}</arg>
<doc>Returns the given values which can then be assigned to a variables.</doc>
<status status="PASS" start="2025-07-23T10:20:58.126902" elapsed="0.000220"/>
</kw>
<kw name="Evaluate" owner="BuiltIn">
<msg time="2025-07-23T10:20:58.127512" level="INFO">${is_dict} = False</msg>
<var>${is_dict}</var>
<arg>isinstance($value, dict)</arg>
<doc>Evaluates the given expression in Python and returns the result.</doc>
<status status="PASS" start="2025-07-23T10:20:58.127264" elapsed="0.000277"/>
</kw>
<if>
<branch type="IF" condition="${is_dict}">
<kw name="Create Variables From Dict" owner="base">
<arg>${value}</arg>
<arg>${full_key}.</arg>
<status status="NOT RUN" start="2025-07-23T10:20:58.127935" elapsed="0.000032"/>
</kw>
<status status="NOT RUN" start="2025-07-23T10:20:58.127624" elapsed="0.000380"/>
</branch>
<branch type="ELSE">
<kw name="Set Suite Variable" owner="BuiltIn">
<msg time="2025-07-23T10:20:58.128464" level="INFO">${USER.PARAMETER.PARAMETER_FILTER} = ?_id={PARAM_ID}&amp;nome={PARAM_NOME}&amp;email={PARAM_EMAIL}&amp;password={PARAM_PASSWORD}&amp;administrador={PARAM_ADMIN}</msg>
<arg>\${${full_key}}</arg>
<arg>${value}</arg>
<doc>Makes a variable available everywhere within the scope of the current suite.</doc>
<status status="PASS" start="2025-07-23T10:20:58.128183" elapsed="0.000332"/>
</kw>
<kw name="Log" owner="BuiltIn">
<arg>Variável definida: \${${full_key}} = ${value}</arg>
<arg>level=DEBUG</arg>
<doc>Logs the given message with the given level.</doc>
<status status="PASS" start="2025-07-23T10:20:58.128654" elapsed="0.000289"/>
</kw>
<status status="PASS" start="2025-07-23T10:20:58.128036" elapsed="0.000951"/>
</branch>
<status status="PASS" start="2025-07-23T10:20:58.127600" elapsed="0.001414"/>
</if>
<var name="${key}">PARAMETER_FILTER</var>
<status status="PASS" start="2025-07-23T10:20:58.126399" elapsed="0.002646"/>
</iter>
<var>${key}</var>
<value>@{keys}</value>
<status status="PASS" start="2025-07-23T10:20:58.126186" elapsed="0.002892"/>
</for>
<arg>${value}</arg>
<arg>${full_key}.</arg>
<status status="PASS" start="2025-07-23T10:20:58.125499" elapsed="0.003642"/>
</kw>
<status status="PASS" start="2025-07-23T10:20:58.125191" elapsed="0.003984"/>
</branch>
<branch type="ELSE">
<kw name="Set Suite Variable" owner="BuiltIn">
<arg>\${${full_key}}</arg>
<arg>${value}</arg>
<doc>Makes a variable available everywhere within the scope of the current suite.</doc>
<status status="NOT RUN" start="2025-07-23T10:20:58.129352" elapsed="0.000024"/>
</kw>
<kw name="Log" owner="BuiltIn">
<arg>Variável definida: \${${full_key}} = ${value}</arg>
<arg>level=DEBUG</arg>
<doc>Logs the given message with the given level.</doc>
<status status="NOT RUN" start="2025-07-23T10:20:58.129507" elapsed="0.000023"/>
</kw>
<status status="NOT RUN" start="2025-07-23T10:20:58.129202" elapsed="0.000365"/>
</branch>
<status status="PASS" start="2025-07-23T10:20:58.125165" elapsed="0.004426"/>
</if>
<var name="${key}">PARAMETER</var>
<status status="PASS" start="2025-07-23T10:20:58.123872" elapsed="0.005749"/>
</iter>
<var>${key}</var>
<value>@{keys}</value>
<status status="PASS" start="2025-07-23T10:20:58.116158" elapsed="0.013494"/>
</for>
<arg>${value}</arg>
<arg>${full_key}.</arg>
<status status="PASS" start="2025-07-23T10:20:58.115501" elapsed="0.014211"/>
</kw>
<status status="PASS" start="2025-07-23T10:20:58.115216" elapsed="0.014528"/>
</branch>
<branch type="ELSE">
<kw name="Set Suite Variable" owner="BuiltIn">
<arg>\${${full_key}}</arg>
<arg>${value}</arg>
<doc>Makes a variable available everywhere within the scope of the current suite.</doc>
<status status="NOT RUN" start="2025-07-23T10:20:58.129911" elapsed="0.000022"/>
</kw>
<kw name="Log" owner="BuiltIn">
<arg>Variável definida: \${${full_key}} = ${value}</arg>
<arg>level=DEBUG</arg>
<doc>Logs the given message with the given level.</doc>
<status status="NOT RUN" start="2025-07-23T10:20:58.130060" elapsed="0.000022"/>
</kw>
<status status="NOT RUN" start="2025-07-23T10:20:58.129769" elapsed="0.000347"/>
</branch>
<status status="PASS" start="2025-07-23T10:20:58.115193" elapsed="0.014947"/>
</if>
<var name="${key}">USER</var>
<status status="PASS" start="2025-07-23T10:20:58.113674" elapsed="0.016495"/>
</iter>
<var>${key}</var>
<value>@{keys}</value>
<status status="PASS" start="2025-07-23T10:20:58.100513" elapsed="0.029687"/>
</for>
<arg>${env_data}</arg>
<status status="PASS" start="2025-07-23T10:20:58.099495" elapsed="0.030764"/>
</kw>
<doc>Carrega todas as variáveis do YAML dinamicamente no formato ${CATEGORIA.SUBCHAVE}
Exemplo: ${LOGIN.BASE_URL}, ${API.TIMEOUT}, etc.</doc>
<status status="PASS" start="2025-07-23T10:20:58.092521" elapsed="0.037793"/>
</kw>
<kw name="List All Users" owner="user">
<kw name="Header Generic" owner="shared">
<msg time="2025-07-23T10:20:58.131069" level="INFO">${HEADER} = {'Accept': 'application/json', 'Content-Type': 'application/json'}</msg>
<var>${HEADER}</var>
<status status="PASS" start="2025-07-23T10:20:58.130917" elapsed="0.000185"/>
</kw>
<kw name="Make Get Request" owner="requests">
<kw name="Make Request" owner="requests">
<kw name="Create_Connection" owner="requests">
<kw name="Create Session" owner="RequestsLibrary">
<msg time="2025-07-23T10:20:58.133799" level="INFO">Creating Session using : alias=session, url=https://serverest.dev, headers={},                     cookies={}, auth=None, timeout=None, proxies=None, verify=False,                     debug=0 </msg>
<arg>session</arg>
<arg>${BASE_URL}</arg>
<doc>Create Session: create a HTTP session to a server</doc>
<status status="PASS" start="2025-07-23T10:20:58.133645" elapsed="0.000389"/>
</kw>
<arg>${BASE_URL}</arg>
<status status="PASS" start="2025-07-23T10:20:58.133301" elapsed="0.000807"/>
</kw>
<kw name="Run Keyword If" owner="BuiltIn">
<kw name="Set Variable" owner="BuiltIn">
<arg>${ENDPOINT}</arg>
<doc>Returns the given values which can then be assigned to a variables.</doc>
<status status="PASS" start="2025-07-23T10:20:58.134930" elapsed="0.018056"/>
</kw>
<msg time="2025-07-23T10:20:58.153127" level="INFO">${FULL_ENDPOINT} = /usuarios</msg>
<var>${FULL_ENDPOINT}</var>
<arg>'${PARAMETER}' != '${EMPTY}'</arg>
<arg>Set Variable</arg>
<arg>${ENDPOINT}/${PARAMETER}</arg>
<arg>ELSE</arg>
<arg>Set Variable</arg>
<arg>${ENDPOINT}</arg>
<doc>Runs the given keyword with the given arguments, if ``condition`` is true.</doc>
<status status="PASS" start="2025-07-23T10:20:58.134273" elapsed="0.018891"/>
</kw>
<kw name="Create Dictionary" owner="BuiltIn">
<msg time="2025-07-23T10:20:58.153645" level="INFO">${ARGS} = {'expected_status': 'any'}</msg>
<var>${ARGS}</var>
<arg>expected_status=any</arg>
<doc>Creates and returns a dictionary based on the given ``items``.</doc>
<status status="PASS" start="2025-07-23T10:20:58.153405" elapsed="0.000275"/>
</kw>
<kw name="Run Keyword If" owner="BuiltIn">
<kw name="Set To Dictionary" owner="Collections">
<arg>${ARGS}</arg>
<arg>headers=${HEADER}</arg>
<doc>Adds the given ``key_value_pairs`` and/or ``items`` to the ``dictionary``.</doc>
<status status="PASS" start="2025-07-23T10:20:58.154708" elapsed="0.000255"/>
</kw>
<arg>"${HEADER}" != "${EMPTY}"</arg>
<arg>Set To Dictionary</arg>
<arg>${ARGS}</arg>
<arg>headers=${HEADER}</arg>
<doc>Runs the given keyword with the given arguments, if ``condition`` is true.</doc>
<status status="PASS" start="2025-07-23T10:20:58.153867" elapsed="0.001181"/>
</kw>
<kw name="Run Keyword If" owner="BuiltIn">
<arg>"${PAYLOAD}" != "${EMPTY}"</arg>
<arg>Set To Dictionary</arg>
<arg>${ARGS}</arg>
<arg>json=${PAYLOAD}</arg>
<doc>Runs the given keyword with the given arguments, if ``condition`` is true.</doc>
<status status="PASS" start="2025-07-23T10:20:58.155242" elapsed="0.000683"/>
</kw>
<kw name="Run Keyword" owner="BuiltIn">
<kw name="GET On Session" owner="RequestsLibrary">
<msg time="2025-07-23T10:20:58.669253" level="INFO">GET Request : url=https://serverest.dev/usuarios 
 path_url=/usuarios 
 headers={'User-Agent': 'python-requests/2.32.4', 'Accept-Encoding': 'gzip, deflate', 'Accept': 'application/json', 'Connection': 'keep-alive', 'Content-Type': 'application/json'} 
 body=None 
 </msg>
<msg time="2025-07-23T10:20:58.669347" level="INFO">GET Response : url=https://serverest.dev/usuarios 
 status=200, reason=OK 
 headers={'access-control-allow-origin': '*', 'x-dns-prefetch-control': 'off', 'x-frame-options': 'SAMEORIGIN', 'strict-transport-security': 'max-age=15552000; includeSubDomains', 'x-download-options': 'noopen', 'x-content-type-options': 'nosniff', 'x-xss-protection': '1; mode=block', 'content-type': 'application/json; charset=utf-8', 'x-cloud-trace-context': '904bd56f37f7acab2f1d1a6df24eb136', 'date': 'Wed, 23 Jul 2025 13:20:58 GMT', 'server': 'Google Frontend', 'Content-Length': '7643'} 
 body={
    "quantidade": 35,
    "usuarios": [
        {
            "nome": "Fulano da Silva",
            "email": "user_wlmfgm_1753276733@example.com",
            "password": "teste",
            "administrador": "true",
            "_id": "0lNz52izpmbG4Zwq"
        },
        {
            "nome": "Fulano da Silva",
            "email": "fulano@qa.com",
            "password": "teste",
            "administrador": "true",
            "_id": "0uxuPY0cbmQhpEz1"
        },
        {
            "nome": "Fulano da Silva",
            "email": "user_e5ui5p_1753276451@example.com",
            "password": "teste",
            "administrador": "true",
            "_id": "1q8XdtNAbatylw9Q"
        },
        {
            "nome": "Thais",
            "email": "thaisreginapaes1901@gmail.com",
            "password": "Thais123",
            "administrador": "false",
            "_id": "6pS49wbrN5O7tTMx"
        },
        {
            "nome": "Gustavo R",
            "email": "test@qa.com.br",
            "password": "novasenha",
            "administrador": "true",
            "_id": "7oUoIPFjwNuNr45j"
        },
        {
            "nome": "victor siq",
            "email": "victor.1753266742416@teste.com",
            "password": "victor1234",
            "administrador": "false",
            "_id": "8zuTj2f91fsvqjfz"
        },
        {
            "nome": "Agente0007",
            "email": "Agente0007@gmail.com",
            "password": "punkrock07",
            "administrador": "true",
            "_id": "A2BoUf37m4uk4spt"
        },
        {
            "nome": "Mrs. Krista Bruen",
            "email": "mrs.kristabruen@test.com",
            "password": "Test;123",
            "administrador": "false",
            "_id": "BichTxZdYLL1EmYd"
        },
        {
            "nome": "Betty McClure",
            "email": "bettymcclure@test.com",
            "password": "Test;123",
            "administrador": "true",
            "_id": "EZUr8Ztf3Mhz6h4H"
        },
        {
            "nome": "QA Robot",
            "email": "qarob123@qa.com.br",
            "password": "teste1234",
            "administrador": "true",
            "_id": "F8tt75mPjVjoVGna"
        },
        {
            "nome": "Jeannette Pouros",
            "email": "jeannettepouros@test.com",
            "password": "Test;123",
            "administrador": "true",
            "_id": "HEYBHowlovOizt3S"
        },
        {
            "nome": "Fulano da Silva",
            "email": "user_4id134_1753276453@example.com",
            "password": "teste",
            "administrador": "true",
            "_id": "IMJpAan1JOyXAV1Q"
        },
        {
            "nome": "Reece33",
            "email": "Candice_Mills@yahoo.com",
            "password": "195488816",
            "administrador": "true",
            "_id": "LkR6EwVSbMih24LM"
        },
        {
            "nome": "Blanche38",
            "email": "Robert_Schmidt@yahoo.com",
            "password": "641037935",
            "administrador": "true",
            "_id": "NbrgcFtlMmP97ROF"
        },
        {
            "nome": "Maria do Teste",
            "email": "mariateste@uorak.com",
            "password": "$Q@2o25",
            "administrador": "true",
            "_id": "NvUqxLiQv14tmKfu"
        },
        {
            "nome": "Trever",
            "email": "Carolyn_Gusikowski5@hotmail.com",
            "password": "R45DXHMRSX4Lx58",
            "administrador": "true",
            "_id": "PZMJeUkLTmOlV8St"
        },
        {
            "nome": "Fulano da Silva",
            "email": "user_9k44da_1753276732@example.com",
            "password": "teste",
            "administrador": "true",
            "_id": "QPCj2bWe2mu3YGpx"
        },
        {
            "nome": "User2",
            "email": "user00007@gmail.com",
            "password": "flying",
            "administrador": "false",
            "_id": "Qqlh0bbcImuBizGF"
        },
        {
            "nome": "Fulano da Silva",
            "email": "user_6ibb6b_1753276810@example.com",
            "password": "teste",
            "administrador": "true",
            "_id": "Ufwrzfz7NIHSl86X"
        },
        {
            "nome": "Fulano da Silva",
            "email": "user_ok34xq_1753276021@example.com",
            "password": "teste",
            "administrador": "true",
            "_id": "XA9gkc52neqm98za"
        },
        {
            "nome": "Dianna Medhurst",
            "email": "diannamedhurst@test.com",
            "password": "Test;123",
            "administrador": "true",
            "_id": "Y0wqsdJnzqe14KQ8"
        },
        {
            "nome": "Beulah Runte",
            "email": "mr.karlhettinger@test.com",
            "password": "Test;123",
            "administrador": "true",
            "_id": "YIX6F51PcmwQ5gSy"
        },
        {
            "nome": "Hilario",
            "email": "iola.jacobs@gmail.com",
            "password": "o7d442hei2eakaa",
            "administrador": "true",
            "_id": "fiv9Cai8IeLT4BRO"
        },
        {
            "nome": "Teste",
            "email": "teste@teste.com",
            "password": "12345",
            "administrador": "true",
            "_id": "hTdys5UK28fOufZ9"
        },
        {
            "nome": "QA Robot",
            "email": "qarob1234567dsdfsd676@qa.com.br",
            "password": "teste1234",
            "administrador": "true",
            "_id": "htysISEniY9kWBAk"
        },
        {
            "nome": "Vitor Carrasco",
            "email": "vitorfcarrasco@gmail.com",
            "password": "123456",
            "administrador": "true",
            "_id": "kU8tESookgzQx5jX"
        },
        {
            "nome": "Shanelle",
            "email": "lanita.weissnat@gmail.com",
            "password": "z4m2ul9uuxrt",
            "administrador": "true",
            "_id": "kkhqKGXroaHY8pgv"
        },
        {
            "nome": "Maria do Teste",
            "email": "mariateste2@uorak.com",
            "password": "$Q@2o25",
            "administrador": "true",
            "_id": "l7fPY0TOrnnS26O0"
        },
        {
            "nome": "Gustavo R",
            "email": "testando@qa.com.br",
            "password": "teste",
            "administrador": "true",
            "_id": "mfLhNmlyTeIBb6E8"
        },
        {
            "nome": "Ron Ratke",
            "email": "ronratke@test.com",
            "password": "Test;123",
            "administrador": "false",
            "_id": "nWlgrakPR92Im8cV"
        },
        {
            "nome": "Fulano da Silva",
            "email": "beltrano@qa.com.br",
            "password": "teste",
            "administrador": "true",
            "_id": "qEACbWHeEbXZBpZz"
        },
        {
            "nome": "Kristen Herzog",
            "email": "kristenherzog@test.com",
            "password": "Test;123",
            "administrador": "true",
            "_id": "qOy78iUdFXG0npB8"
        },
        {
            "nome": "Fulano da Silva",
            "email": "user_gxcmab_1753276811@example.com",
            "password": "teste",
            "administrador": "true",
            "_id": "qSefBTlMexlxEnVZ"
        },
        {
            "nome": "QA Robot",
            "email": "qarob1234567676@qa.com.br",
            "password": "teste1234",
            "administrador": "true",
            "_id": "xLhuJUnrH5Pi6sQs"
        },
        {
            "nome": "Fulano da Silva",
            "email": "user_5v5mmf_1753276021@example.com",
            "password": "teste",
            "administrador": "true",
            "_id": "zJIlE591sgkzqp5x"
        }
    ]
} 
 </msg>
<arg>session</arg>
<arg>${FULL_ENDPOINT}</arg>
<arg>&amp;{ARGS}</arg>
<doc>Sends a GET request on a previously created HTTP Session.</doc>
<status status="PASS" start="2025-07-23T10:20:58.156491" elapsed="0.513048"/>
</kw>
<msg time="2025-07-23T10:20:58.669707" level="INFO">${RESPONSE} = &lt;Response [200]&gt;</msg>
<var>${RESPONSE}</var>
<arg>${METHOD} On Session</arg>
<arg>session</arg>
<arg>${FULL_ENDPOINT}</arg>
<arg>&amp;{ARGS}</arg>
<doc>Executes the given keyword with the given arguments.</doc>
<status status="PASS" start="2025-07-23T10:20:58.156144" elapsed="0.513628"/>
</kw>
<return>
<value>${RESPONSE}</value>
<status status="PASS" start="2025-07-23T10:20:58.669827" elapsed="0.000038"/>
</return>
<msg time="2025-07-23T10:20:58.669996" level="INFO">${response} = &lt;Response [200]&gt;</msg>
<var>${response}</var>
<arg>GET</arg>
<arg>BASE_URL=${BASE_URL}</arg>
<arg>ENDPOINT=${ENDPOINT}</arg>
<arg>HEADER=${HEADER}</arg>
<arg>PARAMETER=${PARAMETER}</arg>
<status status="PASS" start="2025-07-23T10:20:58.132280" elapsed="0.537747"/>
</kw>
<return>
<value>${response}</value>
<status status="PASS" start="2025-07-23T10:20:58.670076" elapsed="0.000026"/>
</return>
<msg time="2025-07-23T10:20:58.670214" level="INFO">${RESPONSE} = &lt;Response [200]&gt;</msg>
<var>${RESPONSE}</var>
<arg>ENDPOINT=${USER.ENDPOINT.ENDPOINT_USERS}</arg>
<arg>HEADER=${HEADER}</arg>
<status status="PASS" start="2025-07-23T10:20:58.131279" elapsed="0.538960"/>
</kw>
<return>
<value>${RESPONSE}</value>
<status status="PASS" start="2025-07-23T10:20:58.670280" elapsed="0.000025"/>
</return>
<msg time="2025-07-23T10:20:58.670417" level="INFO">${RESPONSE} = &lt;Response [200]&gt;</msg>
<var>${RESPONSE}</var>
<status status="PASS" start="2025-07-23T10:20:58.130606" elapsed="0.539835"/>
</kw>
<kw name="Log" owner="BuiltIn">
[...]
<status status="PASS" start="2025-07-23T10:21:01.104407" elapsed="0.000335"/>
</kw>
<kw name="Log" owner="BuiltIn">
<arg>Variável definida: \${${full_key}} = ${value}</arg>
<arg>level=DEBUG</arg>
<doc>Logs the given message with the given level.</doc>
<status status="PASS" start="2025-07-23T10:21:01.104890" elapsed="0.000311"/>
</kw>
<status status="PASS" start="2025-07-23T10:21:01.104254" elapsed="0.000994"/>
</branch>
<status status="PASS" start="2025-07-23T10:21:01.103771" elapsed="0.001509"/>
</if>
<var name="${key}">PARAMETER_FILTER</var>
<status status="PASS" start="2025-07-23T10:21:01.102554" elapsed="0.002759"/>
</iter>
<var>${key}</var>
<value>@{keys}</value>
<status status="PASS" start="2025-07-23T10:21:01.102357" elapsed="0.002989"/>
</for>
<arg>${value}</arg>
<arg>${full_key}.</arg>
<status status="PASS" start="2025-07-23T10:21:01.101698" elapsed="0.003715"/>
</kw>
<status status="PASS" start="2025-07-23T10:21:01.101420" elapsed="0.004028"/>
</branch>
<branch type="ELSE">
<kw name="Set Suite Variable" owner="BuiltIn">
<arg>\${${full_key}}</arg>
<arg>${value}</arg>
<doc>Makes a variable available everywhere within the scope of the current suite.</doc>
<status status="NOT RUN" start="2025-07-23T10:21:01.105683" elapsed="0.000029"/>
</kw>
<kw name="Log" owner="BuiltIn">
<arg>Variável definida: \${${full_key}} = ${value}</arg>
<arg>level=DEBUG</arg>
<doc>Logs the given message with the given level.</doc>
<status status="NOT RUN" start="2025-07-23T10:21:01.105864" elapsed="0.000024"/>
</kw>
<status status="NOT RUN" start="2025-07-23T10:21:01.105476" elapsed="0.000450"/>
</branch>
<status status="PASS" start="2025-07-23T10:21:01.101396" elapsed="0.004557"/>
</if>
<var name="${key}">PARAMETER</var>
<status status="PASS" start="2025-07-23T10:21:01.100196" elapsed="0.005791"/>
</iter>
<var>${key}</var>
<value>@{keys}</value>
<status status="PASS" start="2025-07-23T10:21:01.092676" elapsed="0.013345"/>
</for>
<arg>${value}</arg>
<arg>${full_key}.</arg>
<status status="PASS" start="2025-07-23T10:21:01.092065" elapsed="0.014028"/>
</kw>
<status status="PASS" start="2025-07-23T10:21:01.091722" elapsed="0.014408"/>
</branch>
<branch type="ELSE">
<kw name="Set Suite Variable" owner="BuiltIn">
<arg>\${${full_key}}</arg>
<arg>${value}</arg>
<doc>Makes a variable available everywhere within the scope of the current suite.</doc>
<status status="NOT RUN" start="2025-07-23T10:21:01.106326" elapsed="0.000026"/>
</kw>
<kw name="Log" owner="BuiltIn">
<arg>Variável definida: \${${full_key}} = ${value}</arg>
<arg>level=DEBUG</arg>
<doc>Logs the given message with the given level.</doc>
<status status="NOT RUN" start="2025-07-23T10:21:01.106493" elapsed="0.000023"/>
</kw>
<status status="NOT RUN" start="2025-07-23T10:21:01.106156" elapsed="0.000397"/>
</branch>
<status status="PASS" start="2025-07-23T10:21:01.091704" elapsed="0.014874"/>
</if>
<var name="${key}">USER</var>
<status status="PASS" start="2025-07-23T10:21:01.090679" elapsed="0.015929"/>
</iter>
<var>${key}</var>
<value>@{keys}</value>
<status status="PASS" start="2025-07-23T10:21:01.080096" elapsed="0.026544"/>
</for>
<arg>${env_data}</arg>
<status status="PASS" start="2025-07-23T10:21:01.079271" elapsed="0.027434"/>
</kw>
<doc>Carrega todas as variáveis do YAML dinamicamente no formato ${CATEGORIA.SUBCHAVE}
Exemplo: ${LOGIN.BASE_URL}, ${API.TIMEOUT}, etc.</doc>
<status status="PASS" start="2025-07-23T10:21:01.072756" elapsed="0.034007"/>
</kw>
<kw name="Delete user successfully" owner="user">
<kw name="Register user successfully" owner="user">
<kw name="Evaluate" owner="BuiltIn">
<msg time="2025-07-23T10:21:01.107922" level="INFO">${TIMESTAMP} = 1753276861</msg>
<var>${TIMESTAMP}</var>
<arg>int(__import__('time').time())</arg>
<doc>Evaluates the given expression in Python and returns the result.</doc>
<status status="PASS" start="2025-07-23T10:21:01.107689" elapsed="0.000263"/>
</kw>
<kw name="Evaluate" owner="BuiltIn">
<msg time="2025-07-23T10:21:01.108347" level="INFO">${RAND} = hpjism</msg>
<var>${RAND}</var>
<arg>''.join(__import__('random').choices(__import__('string').ascii_lowercase + __import__('string').digits, k=6))</arg>
<doc>Evaluates the given expression in Python and returns the result.</doc>
<status status="PASS" start="2025-07-23T10:21:01.108101" elapsed="0.000276"/>
</kw>
<kw name="Set Variable" owner="BuiltIn">
<msg time="2025-07-23T10:21:01.108740" level="INFO">${EMAIL} = user_hpjism_1753276861@example.com</msg>
<var>${EMAIL}</var>
<arg>user_${RAND}_${TIMESTAMP}@example.com</arg>
<doc>Returns the given values which can then be assigned to a variables.</doc>
<status status="PASS" start="2025-07-23T10:21:01.108532" elapsed="0.000236"/>
</kw>
<kw name="Header Generic" owner="shared">
<msg time="2025-07-23T10:21:01.109029" level="INFO">${HEADER} = {'Accept': 'application/json', 'Content-Type': 'application/json'}</msg>
<var>${HEADER}</var>
<status status="PASS" start="2025-07-23T10:21:01.108903" elapsed="0.000153"/>
</kw>
<kw name="User Registration Payload" owner="users">
<msg time="2025-07-23T10:21:01.109397" level="INFO">${PAYLOAD} = {'nome': 'Fulano da Silva', 'email': 'user_hpjism_1753276861@example.com', 'password': 'teste', 'administrador': 'true'}</msg>
<var>${PAYLOAD}</var>
<arg>email=${EMAIL}</arg>
<status status="PASS" start="2025-07-23T10:21:01.109188" elapsed="0.000238"/>
</kw>
<kw name="Make Post Request" owner="requests">
<kw name="Make Request" owner="requests">
<kw name="Create_Connection" owner="requests">
<kw name="Create Session" owner="RequestsLibrary">
<msg time="2025-07-23T10:21:01.111653" level="INFO">Creating Session using : alias=session, url=https://serverest.dev, headers={},                     cookies={}, auth=None, timeout=None, proxies=None, verify=False,                     debug=0 </msg>
<arg>session</arg>
<arg>${BASE_URL}</arg>
<doc>Create Session: create a HTTP session to a server</doc>
<status status="PASS" start="2025-07-23T10:21:01.111506" elapsed="0.000301"/>
</kw>
<arg>${BASE_URL}</arg>
<status status="PASS" start="2025-07-23T10:21:01.111178" elapsed="0.000754"/>
</kw>
<kw name="Run Keyword If" owner="BuiltIn">
<kw name="Set Variable" owner="BuiltIn">
<arg>${ENDPOINT}</arg>
<doc>Returns the given values which can then be assigned to a variables.</doc>
<status status="PASS" start="2025-07-23T10:21:01.112715" elapsed="0.000145"/>
</kw>
<msg time="2025-07-23T10:21:01.112966" level="INFO">${FULL_ENDPOINT} = /usuarios</msg>
<var>${FULL_ENDPOINT}</var>
<arg>'${PARAMETER}' != '${EMPTY}'</arg>
<arg>Set Variable</arg>
<arg>${ENDPOINT}/${PARAMETER}</arg>
<arg>ELSE</arg>
<arg>Set Variable</arg>
<arg>${ENDPOINT}</arg>
<doc>Runs the given keyword with the given arguments, if ``condition`` is true.</doc>
<status status="PASS" start="2025-07-23T10:21:01.112088" elapsed="0.000907"/>
</kw>
<kw name="Create Dictionary" owner="BuiltIn">
<msg time="2025-07-23T10:21:01.113347" level="INFO">${ARGS} = {'expected_status': 'any'}</msg>
<var>${ARGS}</var>
<arg>expected_status=any</arg>
<doc>Creates and returns a dictionary based on the given ``items``.</doc>
<status status="PASS" start="2025-07-23T10:21:01.113158" elapsed="0.000218"/>
</kw>
<kw name="Run Keyword If" owner="BuiltIn">
<kw name="Set To Dictionary" owner="Collections">
<arg>${ARGS}</arg>
<arg>headers=${HEADER}</arg>
<doc>Adds the given ``key_value_pairs`` and/or ``items`` to the ``dictionary``.</doc>
<status status="PASS" start="2025-07-23T10:21:01.114218" elapsed="0.000208"/>
</kw>
<arg>"${HEADER}" != "${EMPTY}"</arg>
<arg>Set To Dictionary</arg>
<arg>${ARGS}</arg>
<arg>headers=${HEADER}</arg>
<doc>Runs the given keyword with the given arguments, if ``condition`` is true.</doc>
<status status="PASS" start="2025-07-23T10:21:01.113531" elapsed="0.001032"/>
</kw>
<kw name="Run Keyword If" owner="BuiltIn">
<kw name="Set To Dictionary" owner="Collections">
<arg>${ARGS}</arg>
<arg>json=${PAYLOAD}</arg>
<doc>Adds the given ``key_value_pairs`` and/or ``items`` to the ``dictionary``.</doc>
<status status="PASS" start="2025-07-23T10:21:01.115401" elapsed="0.000197"/>
</kw>
<arg>"${PAYLOAD}" != "${EMPTY}"</arg>
<arg>Set To Dictionary</arg>
<arg>${ARGS}</arg>
<arg>json=${PAYLOAD}</arg>
<doc>Runs the given keyword with the given arguments, if ``condition`` is true.</doc>
<status status="PASS" start="2025-07-23T10:21:01.114752" elapsed="0.000908"/>
</kw>
<kw name="Run Keyword" owner="BuiltIn">
<kw name="POST On Session" owner="RequestsLibrary">
<msg time="2025-07-23T10:21:01.514307" level="INFO">POST Request : url=https://serverest.dev/usuarios 
 path_url=/usuarios 
 headers={'User-Agent': 'python-requests/2.32.4', 'Accept-Encoding': 'gzip, deflate', 'Accept': 'application/json', 'Connection': 'keep-alive', 'Content-Type': 'application/json', 'Content-Length': '120'} 
 body=b'{"nome": "Fulano da Silva", "email": "user_hpjism_1753276861@example.com", "password": "teste", "administrador": "true"}' 
 </msg>
<msg time="2025-07-23T10:21:01.514410" level="INFO">POST Response : url=https://serverest.dev/usuarios 
 status=201, reason=Created 
 headers={'access-control-allow-origin': '*', 'x-dns-prefetch-control': 'off', 'x-frame-options': 'SAMEORIGIN', 'strict-transport-security': 'max-age=15552000; includeSubDomains', 'x-download-options': 'noopen', 'x-content-type-options': 'nosniff', 'x-xss-protection': '1; mode=block', 'content-type': 'application/json; charset=utf-8', 'x-cloud-trace-context': 'ce9cdbd6490012238376e942d6ea456a', 'date': 'Wed, 23 Jul 2025 13:21:01 GMT', 'server': 'Google Frontend', 'Content-Length': '82'} 
 body={
    "message": "Cadastro realizado com sucesso",
    "_id": "7FNxlhlcwuXGHSLc"
} 
 </msg>
<arg>session</arg>
<arg>${FULL_ENDPOINT}</arg>
<arg>&amp;{ARGS}</arg>
<doc>Sends a POST request on a previously created HTTP Session.</doc>
<status status="PASS" start="2025-07-23T10:21:01.116084" elapsed="0.398409"/>
</kw>
<msg time="2025-07-23T10:21:01.514633" level="INFO">${RESPONSE} = &lt;Response [201]&gt;</msg>
<var>${RESPONSE}</var>
<arg>${METHOD} On Session</arg>
<arg>session</arg>
<arg>${FULL_ENDPOINT}</arg>
<arg>&amp;{ARGS}</arg>
<doc>Executes the given keyword with the given arguments.</doc>
<status status="PASS" start="2025-07-23T10:21:01.115812" elapsed="0.398853"/>
</kw>
<return>
<value>${RESPONSE}</value>
<status status="PASS" start="2025-07-23T10:21:01.514735" elapsed="0.000046"/>
</return>
<msg time="2025-07-23T10:21:01.514952" level="INFO">${response} = &lt;Response [201]&gt;</msg>
<var>${response}</var>
<arg>POST</arg>
<arg>${BASE_URL}</arg>
<arg>${ENDPOINT}</arg>
<arg>${HEADER}</arg>
<arg>${PAYLOAD}</arg>
<status status="PASS" start="2025-07-23T10:21:01.110149" elapsed="0.404835"/>
</kw>
<return>
<value>${response}</value>
<status status="PASS" start="2025-07-23T10:21:01.515046" elapsed="0.000032"/>
</return>
<msg time="2025-07-23T10:21:01.515219" level="INFO">${RESPONSE} = &lt;Response [201]&gt;</msg>
<var>${RESPONSE}</var>
<arg>ENDPOINT=${USER.ENDPOINT.ENDPOINT_USERS}</arg>
<arg>HEADER=${HEADER}</arg>
<arg>PAYLOAD=${PAYLOAD}</arg>
<status status="PASS" start="2025-07-23T10:21:01.109601" elapsed="0.405649"/>
</kw>
<return>
<value>${RESPONSE}</value>
<status status="PASS" start="2025-07-23T10:21:01.515307" elapsed="0.000031"/>
</return>
<msg time="2025-07-23T10:21:01.515486" level="INFO">${ID_USER} = &lt;Response [201]&gt;</msg>
<var>${ID_USER}</var>
<status status="PASS" start="2025-07-23T10:21:01.107419" elapsed="0.408099"/>
</kw>
<kw name="Header Generic" owner="shared">
<msg time="2025-07-23T10:21:01.515859" level="INFO">${HEADER} = {'Accept': 'application/json', 'Content-Type': 'application/json'}</msg>
<var>${HEADER}</var>
<status status="PASS" start="2025-07-23T10:21:01.515700" elapsed="0.000191"/>
</kw>
<kw name="User Registration Payload" owner="users">
<msg time="2025-07-23T10:21:01.516205" level="INFO">${PAYLOAD} = {'nome': 'Fulano da Silva', 'email': 'beltrano@qa.com.br', 'password': 'teste', 'administrador': 'true'}</msg>
<var>${PAYLOAD}</var>
<status status="PASS" start="2025-07-23T10:21:01.516051" elapsed="0.000187"/>
</kw>
<kw name="Set Variable" owner="BuiltIn">
<msg time="2025-07-23T10:21:01.516616" level="INFO">${ENDPOINT} = /usuarios/&lt;Response [201]&gt;</msg>
<var>${ENDPOINT}</var>
<arg>${USER.ENDPOINT.ENDPOINT_USERS}/${ID_USER}</arg>
<doc>Returns the given values which can then be assigned to a variables.</doc>
<status status="PASS" start="2025-07-23T10:21:01.516390" elapsed="0.000260"/>
</kw>
<kw name="Make Delete Request" owner="requests">
<kw name="Make Request" owner="requests">
<kw name="Create_Connection" owner="requests">
<kw name="Create Session" owner="RequestsLibrary">
<msg time="2025-07-23T10:21:01.519153" level="INFO">Creating Session using : alias=session, url=https://serverest.dev, headers={},                     cookies={}, auth=None, timeout=None, proxies=None, verify=False,                     debug=0 </msg>
<arg>session</arg>
<arg>${BASE_URL}</arg>
<doc>Create Session: create a HTTP session to a server</doc>
<status status="PASS" start="2025-07-23T10:21:01.519022" elapsed="0.000270"/>
</kw>
<arg>${BASE_URL}</arg>
<status status="PASS" start="2025-07-23T10:21:01.518698" elapsed="0.000659"/>
</kw>
<kw name="Run Keyword If" owner="BuiltIn">
<kw name="Set Variable" owner="BuiltIn">
<arg>${ENDPOINT}</arg>
<doc>Returns the given values which can then be assigned to a variables.</doc>
<status status="PASS" start="2025-07-23T10:21:01.520132" elapsed="0.000139"/>
</kw>
<msg time="2025-07-23T10:21:01.520360" level="INFO">${FULL_ENDPOINT} = /usuarios/&lt;Response [201]&gt;</msg>
<var>${FULL_ENDPOINT}</var>
<arg>'${PARAMETER}' != '${EMPTY}'</arg>
<arg>Set Variable</arg>
<arg>${ENDPOINT}/${PARAMETER}</arg>
<arg>ELSE</arg>
<arg>Set Variable</arg>
<arg>${ENDPOINT}</arg>
<doc>Runs the given keyword with the given arguments, if ``condition`` is true.</doc>
<status status="PASS" start="2025-07-23T10:21:01.519508" elapsed="0.000880"/>
</kw>
<kw name="Create Dictionary" owner="BuiltIn">
<msg time="2025-07-23T10:21:01.520715" level="INFO">${ARGS} = {'expected_status': 'any'}</msg>
<var>${ARGS}</var>
<arg>expected_status=any</arg>
<doc>Creates and returns a dictionary based on the given ``items``.</doc>
<status status="PASS" start="2025-07-23T10:21:01.520543" elapsed="0.000263"/>
</kw>
<kw name="Run Keyword If" owner="BuiltIn">
<kw name="Set To Dictionary" owner="Collections">
<arg>${ARGS}</arg>
<arg>headers=${HEADER}</arg>
<doc>Adds the given ``key_value_pairs`` and/or ``items`` to the ``dictionary``.</doc>
<status status="PASS" start="2025-07-23T10:21:01.521571" elapsed="0.000186"/>
</kw>
<arg>"${HEADER}" != "${EMPTY}"</arg>
<arg>Set To Dictionary</arg>
<arg>${ARGS}</arg>
<arg>headers=${HEADER}</arg>
<doc>Runs the given keyword with the given arguments, if ``condition`` is true.</doc>
<status status="PASS" start="2025-07-23T10:21:01.520961" elapsed="0.000858"/>
</kw>
<kw name="Run Keyword If" owner="BuiltIn">
<arg>"${PAYLOAD}" != "${EMPTY}"</arg>
<arg>Set To Dictionary</arg>
<arg>${ARGS}</arg>
<arg>json=${PAYLOAD}</arg>
<doc>Runs the given keyword with the given arguments, if ``condition`` is true.</doc>
<status status="PASS" start="2025-07-23T10:21:01.521969" elapsed="0.000512"/>
</kw>
<kw name="Run Keyword" owner="BuiltIn">
<kw name="DELETE On Session" owner="RequestsLibrary">
<msg time="2025-07-23T10:21:01.890369" level="INFO">DELETE Request : url=https://serverest.dev/usuarios/%3CResponse%20%5B201%5D%3E 
 path_url=/usuarios/%3CResponse%20%5B201%5D%3E 
 headers={'User-Agent': 'python-requests/2.32.4', 'Accept-Encoding': 'gzip, deflate', 'Accept': 'application/json', 'Connection': 'keep-alive', 'Content-Type': 'application/json', 'Content-Length': '0'} 
 body=None 
 </msg>
<msg time="2025-07-23T10:21:01.890459" level="INFO">DELETE Response : url=https://serverest.dev/usuarios/%3CResponse%20%5B201%5D%3E 
 status=200, reason=OK 
 headers={'access-control-allow-origin': '*', 'x-dns-prefetch-control': 'off', 'x-frame-options': 'SAMEORIGIN', 'strict-transport-security': 'max-age=15552000; includeSubDomains', 'x-download-options': 'noopen', 'x-content-type-options': 'nosniff', 'x-xss-protection': '1; mode=block', 'content-type': 'application/json; charset=utf-8', 'x-cloud-trace-context': '5010a6978c0a1a42fbbe4d6115494f55', 'date': 'Wed, 23 Jul 2025 13:21:01 GMT', 'server': 'Google Frontend', 'Content-Length': '46'} 
 body={
    "message": "Nenhum registro excluído"
} 
 </msg>
<arg>session</arg>
<arg>${FULL_ENDPOINT}</arg>
<arg>&amp;{ARGS}</arg>
<doc>Sends a DELETE request on a previously created HTTP Session.</doc>
<status status="PASS" start="2025-07-23T10:21:01.522911" elapsed="0.367623"/>
</kw>
<msg time="2025-07-23T10:21:01.890665" level="INFO">${RESPONSE} = &lt;Response [200]&gt;</msg>
<var>${RESPONSE}</var>
<arg>${METHOD} On Session</arg>
<arg>session</arg>
<arg>${FULL_ENDPOINT}</arg>
<arg>&amp;{ARGS}</arg>
<doc>Executes the given keyword with the given arguments.</doc>
<status status="PASS" start="2025-07-23T10:21:01.522642" elapsed="0.368052"/>
</kw>
<return>
<value>${RESPONSE}</value>
<status status="PASS" start="2025-07-23T10:21:01.890755" elapsed="0.000040"/>
</return>
<msg time="2025-07-23T10:21:01.890938" level="INFO">${response} = &lt;Response [200]&gt;</msg>
<var>${response}</var>
<arg>DELETE</arg>
<arg>${BASE_URL}</arg>
<arg>${ENDPOINT}</arg>
<arg>${HEADER}</arg>
<arg>${EMPTY}</arg>
<arg>${PARAMETER}</arg>
<status status="PASS" start="2025-07-23T10:21:01.517836" elapsed="0.373130"/>
</kw>
<return>
<value>${response}</value>
<status status="PASS" start="2025-07-23T10:21:01.891020" elapsed="0.000028"/>
</return>
<msg time="2025-07-23T10:21:01.891172" level="INFO">${RESPONSE} = &lt;Response [200]&gt;</msg>
<var>${RESPONSE}</var>
<arg>ENDPOINT=${ENDPOINT}</arg>
<arg>HEADER=${HEADER}</arg>
<status status="PASS" start="2025-07-23T10:21:01.516858" elapsed="0.374341"/>
</kw>
<return>
<value>${RESPONSE}</value>
<status status="PASS" start="2025-07-23T10:21:01.891244" elapsed="0.000027"/>
</return>
<msg time="2025-07-23T10:21:01.891394" level="INFO">${RESPONSE} = &lt;Response [200]&gt;</msg>
<var>${RESPONSE}</var>
<status status="PASS" start="2025-07-23T10:21:01.107058" elapsed="0.784362"/>
</kw>
<kw name="Log" owner="BuiltIn">
<msg time="2025-07-23T10:21:01.892166" level="INFO">{'message': 'Nenhum registro excluído'}</msg>
<arg>${RESPONSE.json()}</arg>
<doc>Logs the given message with the given level.</doc>
<status status="PASS" start="2025-07-23T10:21:01.891634" elapsed="0.000586"/>
</kw>
<kw name="Validate_Response_Status" owner="validate_response_status_code">
<kw name="Convert To Integer" owner="BuiltIn">
<msg time="2025-07-23T10:21:01.893345" level="INFO">${EXPECTED_STATUS} = 200</msg>
<var>${EXPECTED_STATUS}</var>
<arg>${EXPECTED_STATUS}</arg>
<doc>Converts the given item to an integer number.</doc>
<status status="PASS" start="2025-07-23T10:21:01.893145" elapsed="0.000229"/>
</kw>
<kw name="Should Be Equal" owner="BuiltIn">
<arg>${RESPONSE.status_code}</arg>
<arg>${EXPECTED_STATUS}</arg>
<doc>Fails if the given objects are unequal.</doc>
<status status="PASS" start="2025-07-23T10:21:01.893522" elapsed="0.000523"/>
</kw>
<arg>${RESPONSE}</arg>
<arg>${STATUS_CODE.SUCCESS}</arg>
<status status="PASS" start="2025-07-23T10:21:01.892432" elapsed="0.001684"/>
</kw>
<tag>USER</tag>
<status status="PASS" start="2025-07-23T10:21:01.069293" elapsed="0.824965"/>
</test>
<status status="PASS" start="2025-07-23T10:20:58.072960" elapsed="3.821591"/>
</suite>
<status status="PASS" start="2025-07-23T10:20:57.259232" elapsed="4.635792"/>
</suite>
<statistics>
<total>
<stat pass="8" fail="0" skip="0">All Tests</stat>
</total>
<tag>
<stat pass="1" fail="0" skip="0">LOGIN</stat>
<stat pass="7" fail="0" skip="0">USER</stat>
</tag>
<suite>
<stat name="Tests" id="s1" pass="8" fail="0" skip="0">Tests</stat>
<stat name="Login" id="s1-s1" pass="1" fail="0" skip="0">Tests.Login</stat>
<stat name="User" id="s1-s2" pass="7" fail="0" skip="0">Tests.User</stat>
</suite>
</statistics>
<errors>
</errors>
</robot>
